117240 06:38:26 read(3, "S", 1)         = 1
117240 06:38:26 read(3, "S", 1)         = 1
117240 06:38:26 read(3, "H", 1)         = 1
117240 06:38:26 read(3, "-", 1)         = 1
117240 06:38:26 read(3, "2", 1)         = 1
117240 06:38:26 read(3, ".", 1)         = 1
117240 06:38:26 read(3, "0", 1)         = 1
117240 06:38:26 read(3, "-", 1)         = 1
117240 06:38:26 read(3, "O", 1)         = 1
117240 06:38:26 read(3, "p", 1)         = 1
117240 06:38:26 read(3, "e", 1)         = 1
117240 06:38:26 read(3, "n", 1)         = 1
117240 06:38:26 read(3, "S", 1)         = 1
117240 06:38:26 read(3, "S", 1)         = 1
117240 06:38:26 read(3, "H", 1)         = 1
117240 06:38:26 read(3, "_", 1)         = 1
117240 06:38:26 read(3, "5", 1)         = 1
117240 06:38:26 read(3, ".", 1)         = 1
117240 06:38:26 read(3, "3", 1)         = 1
117240 06:38:26 read(3, "\r", 1)        = 1
117240 06:38:26 read(3, "\n", 1)        = 1
117240 06:38:26 fcntl(3, F_GETFL)       = 0x2 (flags O_RDWR)
117240 06:38:26 fcntl(3, F_SETFL, O_RDWR|O_NONBLOCK) = 0
117240 06:38:26 open("/root/.ssh/known_hosts", O_RDONLY) = 4
117240 06:38:26 fstat(4, {st_mode=S_IFREG|0644, st_size=788, ...}) = 0
117240 06:38:26 mmap(NULL, 4096, PROT_READ|PROT_WRITE, MAP_PRIVATE|MAP_ANONYMOUS, -1, 0) = 0x7f57daab3000
117240 06:38:26 read(4, "172.16.22.1 ssh-rsa AAAAB3NzaC1y"..., 4096) = 788
117240 06:38:26 read(4, "", 4096)       = 0
117240 06:38:26 close(4)                = 0
117240 06:38:26 munmap(0x7f57daab3000, 4096) = 0
117240 06:38:26 open("/root/.ssh/known_hosts2", O_RDONLY) = -1 ENOENT (No such file or directory)
117240 06:38:26 open("/usr/local/openssh/etc/ssh_known_hosts", O_RDONLY) = -1 ENOENT (No such file or directory)
117240 06:38:26 open("/usr/local/openssh/etc/ssh_known_hosts2", O_RDONLY) = -1 ENOENT (No such file or directory)
117240 06:38:26 brk(0)                  = 0x7f57dbf3c000
117240 06:38:26 brk(0x7f57dbf5d000)     = 0x7f57dbf5d000
117240 06:38:26 write(3, "\0\0\5\224\v\24\3268\353\210\2515J=\257\325\320\375\376\250G\334\0\0\0010curve2"..., 1432) = 1432
117240 06:38:26 select(4, [3], NULL, NULL, NULL) = 1 (in [3])
117240 06:38:26 read(3, "\0\0\3D\n\24\366\2141p\231b\355Y\367b.\375{\31`\36\0\0\0~diffie"..., 8192) = 840
117240 06:38:26 write(3, "\0\0\0\24\6\"\0\0\10\0\0\0\f\0\0\0 \0\0\0\0\0\0\0", 24) = 24
117240 06:38:26 select(4, [3], NULL, NULL, NULL) = 1 (in [3])
117240 06:38:26 read(3, "\0\0\1\224\10\37\0\0\1\201\0\323#\r#ur\354\351\371#Xq^\272\303\244\330\237-kM"..., 8192) = 408
117240 06:38:26 write(3, "\0\0\1\214\6 \0\0\1\200\7\0270V/2\266\203\313Z\356u8@\4\352[3\351\f\232O"..., 400) = 400
117240 06:38:26 select(4, [3], NULL, NULL, NULL) = 1 (in [3])
117240 06:38:26 read(3, "\0\0\3\274\n!\0\0\1\25\0\0\0\7ssh-rsa\0\0\0\1#\0\0\1\1\0\267"..., 8192) = 976
117240 06:38:26 open("/root/.ssh/known_hosts", O_RDONLY) = 4
117240 06:38:26 fstat(4, {st_mode=S_IFREG|0644, st_size=788, ...}) = 0
117240 06:38:26 mmap(NULL, 4096, PROT_READ|PROT_WRITE, MAP_PRIVATE|MAP_ANONYMOUS, -1, 0) = 0x7f57daab3000
117240 06:38:26 read(4, "172.16.22.1 ssh-rsa AAAAB3NzaC1y"..., 4096) = 788
117240 06:38:26 read(4, "", 4096)       = 0
117240 06:38:26 close(4)                = 0
117240 06:38:26 munmap(0x7f57daab3000, 4096) = 0
117240 06:38:26 open("/root/.ssh/known_hosts2", O_RDONLY) = -1 ENOENT (No such file or directory)
117240 06:38:26 open("/usr/local/openssh/etc/ssh_known_hosts", O_RDONLY) = -1 ENOENT (No such file or directory)
117240 06:38:26 open("/usr/local/openssh/etc/ssh_known_hosts2", O_RDONLY) = -1 ENOENT (No such file or directory)
117240 06:38:26 clock_gettime(0x7 /* CLOCK_??? */, {36514, 729208845}) = 0
117240 06:38:26 write(3, "\0\0\0\f\n\25\0\0\0\0\0\0\0\0\0\0", 16) = 16
117240 06:38:26 socket(PF_LOCAL, SOCK_STREAM, 0) = 4
117240 06:38:26 fcntl(4, F_SETFD, FD_CLOEXEC) = 0
117240 06:38:26 connect(4, {sa_family=AF_LOCAL, sun_path="/run/user/1000/keyring/ssh"}, 110) = -1 ENOENT (No such file or directory)
117240 06:38:26 close(4)                = 0
117240 06:38:26 write(3, "\362\275\273\224\v\10p\334\315@\261J\230\225\3517\370\36\301\366yk\373CB=\333g7i\256\34"..., 40) = 40
117240 06:38:26 select(4, [3], NULL, NULL, NULL) = 1 (in [3])
117240 06:38:26 read(3, "0&\217\275\6\214\360\201\311|{\17\245\334\341]\332\5\231J\261BD\254\246\214\304\2\362D\367'"..., 8192) = 40
117240 06:38:26 write(3, "\366\325\177\6\33\363)\r[}\342\207i7\237\16k\233\21\22\235a\264\33\367\215\3749\246e\345\245"..., 56) = 56
117240 06:38:26 select(4, [3], NULL, NULL, NULL) = 1 (in [3])
117240 06:38:31 read(3, "Gt\264\235\20\353;\361\271v\32C\355\371\25\365\270(\277\350a\323[ \326\306R\316E\35=\214"..., 8192) = 72
117240 06:38:31 stat("/root/.ssh/id_rsa", 0x7ffed1d9bbc0) = -1 ENOENT (No such file or directory)
117240 06:38:31 stat("/root/.ssh/id_dsa", 0x7ffed1d9bbc0) = -1 ENOENT (No such file or directory)
117240 06:38:31 stat("/root/.ssh/id_ecdsa", 0x7ffed1d9bbc0) = -1 ENOENT (No such file or directory)
117240 06:38:31 stat("/root/.ssh/id_ed25519", 0x7ffed1d9bbc0) = -1 ENOENT (No such file or directory)
117240 06:38:31 open("/dev/tty", O_RDWR) = 4
117240 06:38:31 close(4)                = 0
117240 06:38:31 open("/dev/tty", O_RDWR) = 4
117240 06:38:31 ioctl(4, SNDCTL_TMR_TIMEBASE or SNDRV_TIMER_IOCTL_NEXT_DEVICE or TCGETS, {B38400 opost isig icanon echo ...}) = 0
117240 06:38:31 ioctl(4, SNDCTL_TMR_CONTINUE or SNDRV_TIMER_IOCTL_GPARAMS or TCSETSF, {B38400 opost isig icanon -echo ...}) = 0
117240 06:38:31 rt_sigaction(SIGALRM, {0x7f57dab230a0, [], SA_RESTORER, 0x7f57d963b250}, {SIG_DFL, [], 0}, 8) = 0
117240 06:38:31 rt_sigaction(SIGHUP, {0x7f57dab230a0, [], SA_RESTORER, 0x7f57d963b250}, {SIG_DFL, [], 0}, 8) = 0
117240 06:38:31 rt_sigaction(SIGINT, {0x7f57dab230a0, [], SA_RESTORER, 0x7f57d963b250}, {SIG_DFL, [], 0}, 8) = 0
117240 06:38:31 rt_sigaction(SIGPIPE, {0x7f57dab230a0, [], SA_RESTORER, 0x7f57d963b250}, {SIG_IGN, [], SA_RESTORER, 0x7f57d963b250}, 8) = 0
117240 06:38:31 rt_sigaction(SIGQUIT, {0x7f57dab230a0, [], SA_RESTORER, 0x7f57d963b250}, {SIG_DFL, [], 0}, 8) = 0
117240 06:38:31 rt_sigaction(SIGTERM, {0x7f57dab230a0, [], SA_RESTORER, 0x7f57d963b250}, {SIG_DFL, [], 0}, 8) = 0
117240 06:38:31 rt_sigaction(SIGTSTP, {0x7f57dab230a0, [], SA_RESTORER, 0x7f57d963b250}, {SIG_DFL, [], 0}, 8) = 0
117240 06:38:31 rt_sigaction(SIGTTIN, {0x7f57dab230a0, [], SA_RESTORER, 0x7f57d963b250}, {SIG_DFL, [], 0}, 8) = 0
117240 06:38:31 rt_sigaction(SIGTTOU, {0x7f57dab230a0, [], SA_RESTORER, 0x7f57d963b250}, {SIG_DFL, [], 0}, 8) = 0
117240 06:38:31 write(4, "root@172.16.22.1's password: ", 29) = 29
117240 06:38:31 read(4, "x", 1)         = 1
117240 06:38:31 read(4, "x", 1)         = 1
117240 06:38:31 read(4, "x", 1)         = 1
117240 06:38:31 read(4, "x", 1)         = 1
117240 06:38:31 read(4, "x", 1)         = 1
117240 06:38:31 read(4, "x", 1)         = 1
117240 06:38:31 read(4, "1", 1)         = 1
117240 06:38:31 read(4, "2", 1)         = 1
117240 06:38:31 read(4, "3", 1)         = 1
117240 06:38:31 read(4, "\n", 1)        = 1
117240 06:38:31 write(4, "\n", 1)       = 1
117240 06:38:31 ioctl(4, SNDCTL_TMR_CONTINUE or SNDRV_TIMER_IOCTL_GPARAMS or TCSETSF, {B38400 opost isig icanon echo ...}) = 0
117240 06:38:31 rt_sigaction(SIGALRM, {SIG_DFL, [], SA_RESTORER, 0x7f57d963b250}, NULL, 8) = 0
117240 06:38:31 rt_sigaction(SIGHUP, {SIG_DFL, [], SA_RESTORER, 0x7f57d963b250}, NULL, 8) = 0
117240 06:38:31 rt_sigaction(SIGINT, {SIG_DFL, [], SA_RESTORER, 0x7f57d963b250}, NULL, 8) = 0
117240 06:38:31 rt_sigaction(SIGQUIT, {SIG_DFL, [], SA_RESTORER, 0x7f57d963b250}, NULL, 8) = 0
117240 06:38:31 rt_sigaction(SIGPIPE, {SIG_IGN, [], SA_RESTORER, 0x7f57d963b250}, NULL, 8) = 0
117240 06:38:31 rt_sigaction(SIGTERM, {SIG_DFL, [], SA_RESTORER, 0x7f57d963b250}, NULL, 8) = 0
117240 06:38:31 rt_sigaction(SIGTSTP, {SIG_DFL, [], SA_RESTORER, 0x7f57d963b250}, NULL, 8) = 0
117240 06:38:31 rt_sigaction(SIGTTIN, {SIG_DFL, [], SA_RESTORER, 0x7f57d963b250}, NULL, 8) = 0
117240 06:38:31 rt_sigaction(SIGTTOU, {SIG_DFL, [], SA_RESTORER, 0x7f57d963b250}, NULL, 8) = 0
117240 06:38:31 close(4)                = 0
117240 06:38:31 write(3, "l\177A\266\231=$\0102\310\266\334\30\27Rw\362\347B\35I\373\210\261\264\375\317\252&\202\0\232"..., 136) = 136
117240 06:38:31 select(4, [3], NULL, NULL, NULL) = 1 (in [3])
117240 06:38:31 read(3, "\0372\4\263\26\210\215\310u\1\335\277\260\226\201\326\253\340\37\326N\200Q\321", 8192) = 24
117240 06:38:31 dup(0)                  = 4
117240 06:38:31 dup(1)                  = 5
117240 06:38:31 dup(2)                  = 6
117240 06:38:31 ioctl(4, SNDCTL_TMR_TIMEBASE or SNDRV_TIMER_IOCTL_NEXT_DEVICE or TCGETS, {B38400 opost isig icanon echo ...}) = 0
117240 06:38:31 ioctl(5, SNDCTL_TMR_TIMEBASE or SNDRV_TIMER_IOCTL_NEXT_DEVICE or TCGETS, {B38400 opost isig icanon echo ...}) = 0
117240 06:38:31 ioctl(6, SNDCTL_TMR_TIMEBASE or SNDRV_TIMER_IOCTL_NEXT_DEVICE or TCGETS, {B38400 opost isig icanon echo ...}) = 0
117240 06:38:31 fcntl(4, F_SETFD, FD_CLOEXEC) = 0
117240 06:38:31 fcntl(5, F_SETFD, FD_CLOEXEC) = 0
117240 06:38:31 fcntl(6, F_SETFD, FD_CLOEXEC) = 0
117240 06:38:31 rt_sigaction(SIGHUP, NULL, {SIG_DFL, [], SA_RESTORER, 0x7f57d963b250}, 8) = 0
117240 06:38:31 rt_sigaction(SIGHUP, {SIG_IGN, [], SA_RESTORER, 0x7f57d963b250}, NULL, 8) = 0
117240 06:38:31 rt_sigaction(SIGHUP, NULL, {SIG_IGN, [], SA_RESTORER, 0x7f57d963b250}, 8) = 0
117240 06:38:31 rt_sigaction(SIGHUP, {0x7f57daacb9c0, [], SA_RESTORER, 0x7f57d963b250}, NULL, 8) = 0
117240 06:38:31 rt_sigaction(SIGINT, NULL, {SIG_DFL, [], SA_RESTORER, 0x7f57d963b250}, 8) = 0
117240 06:38:31 rt_sigaction(SIGINT, {SIG_IGN, [], SA_RESTORER, 0x7f57d963b250}, NULL, 8) = 0
117240 06:38:31 rt_sigaction(SIGINT, NULL, {SIG_IGN, [], SA_RESTORER, 0x7f57d963b250}, 8) = 0
117240 06:38:31 rt_sigaction(SIGINT, {0x7f57daacb9c0, [], SA_RESTORER, 0x7f57d963b250}, NULL, 8) = 0
117240 06:38:31 rt_sigaction(SIGQUIT, NULL, {SIG_DFL, [], SA_RESTORER, 0x7f57d963b250}, 8) = 0
117240 06:38:31 rt_sigaction(SIGQUIT, {SIG_IGN, [], SA_RESTORER, 0x7f57d963b250}, NULL, 8) = 0
117240 06:38:31 rt_sigaction(SIGQUIT, NULL, {SIG_IGN, [], SA_RESTORER, 0x7f57d963b250}, 8) = 0
117240 06:38:31 rt_sigaction(SIGQUIT, {0x7f57daacb9c0, [], SA_RESTORER, 0x7f57d963b250}, NULL, 8) = 0
117240 06:38:31 rt_sigaction(SIGTERM, NULL, {SIG_DFL, [], SA_RESTORER, 0x7f57d963b250}, 8) = 0
117240 06:38:31 rt_sigaction(SIGTERM, {SIG_IGN, [], SA_RESTORER, 0x7f57d963b250}, NULL, 8) = 0
117240 06:38:31 rt_sigaction(SIGTERM, NULL, {SIG_IGN, [], SA_RESTORER, 0x7f57d963b250}, 8) = 0
117240 06:38:31 rt_sigaction(SIGTERM, {0x7f57daacb9c0, [], SA_RESTORER, 0x7f57d963b250}, NULL, 8) = 0
117240 06:38:31 rt_sigaction(SIGWINCH, NULL, {SIG_DFL, [], 0}, 8) = 0
117240 06:38:31 rt_sigaction(SIGWINCH, {0x7f57daacbc50, [], SA_RESTORER, 0x7f57d963b250}, NULL, 8) = 0
117240 06:38:31 ioctl(0, SNDCTL_TMR_TIMEBASE or SNDRV_TIMER_IOCTL_NEXT_DEVICE or TCGETS, {B38400 opost isig icanon echo ...}) = 0
117240 06:38:31 ioctl(0, SNDCTL_TMR_STOP or SNDRV_TIMER_IOCTL_GINFO or TCSETSW, {B38400 -opost -isig -icanon -echo ...}) = 0
117240 06:38:31 clock_gettime(0x7 /* CLOCK_??? */, {36519, 865522599}) = 0
117240 06:38:31 clock_gettime(0x7 /* CLOCK_??? */, {36519, 865616102}) = 0
117240 06:38:31 select(7, [3], [3], NULL, NULL) = 1 (out [3])
117240 06:38:31 clock_gettime(0x7 /* CLOCK_??? */, {36519, 865790075}) = 0
117240 06:38:31 write(3, "\212*?\231\237}\227\204\33\f=\333\241P?V\356\315\221\267h\303B\251s-\214s0<\253\37"..., 112) = 112
117240 06:38:31 clock_gettime(0x7 /* CLOCK_??? */, {36519, 866308530}) = 0
117240 06:38:31 clock_gettime(0x7 /* CLOCK_??? */, {36519, 866385834}) = 0
117240 06:38:31 select(7, [3], [], NULL, NULL) = 1 (in [3])
117240 06:38:31 clock_gettime(0x7 /* CLOCK_??? */, {36519, 893164860}) = 0
117240 06:38:31 read(3, "?\211\332%r\206J\\n\205wn\244\343/<\344\272\16<\342\316\340\247\326\254\370\365nR\223\240"..., 8192) = 40
117240 06:38:31 getsockopt(3, SOL_TCP, TCP_NODELAY, [0], [4]) = 0
117240 06:38:31 setsockopt(3, SOL_TCP, TCP_NODELAY, [1], 4) = 0
117240 06:38:31 getsockname(3, {sa_family=AF_INET, sin_port=htons(33906), sin_addr=inet_addr("192.168.226.134")}, [16]) = 0
117240 06:38:31 setsockopt(3, SOL_IP, IP_TOS, [16], 4) = 0
117240 06:38:31 ioctl(0, TIOCGWINSZ, {ws_row=35, ws_col=140, ws_xpixel=0, ws_ypixel=0}) = 0
117240 06:38:31 clock_gettime(0x7 /* CLOCK_??? */, {36519, 894040293}) = 0
117240 06:38:31 clock_gettime(0x7 /* CLOCK_??? */, {36519, 894147045}) = 0
117240 06:38:31 select(7, [3], [3], NULL, NULL) = 1 (out [3])
117240 06:38:31 clock_gettime(0x7 /* CLOCK_??? */, {36519, 894593781}) = 0
117240 06:38:31 write(3, "\373\202^\33\2638\\\307$\242\235\241\313\206\7\37\301.`\276\"XCZ\361):\234W\351\35\v"..., 384) = 384
117240 06:38:31 clock_gettime(0x7 /* CLOCK_??? */, {36519, 895006077}) = 0
117240 06:38:31 clock_gettime(0x7 /* CLOCK_??? */, {36519, 895079855}) = 0
117240 06:38:31 select(7, [3], [], NULL, NULL) = 1 (in [3])
117240 06:38:31 clock_gettime(0x7 /* CLOCK_??? */, {36519, 914404980}) = 0
117240 06:38:31 read(3, "g\231\217\331\332\263\261\22|zl\251\n>=_c\221-\236\312!\261\216+fu\357\201V\226}"..., 8192) = 88
117240 06:38:31 clock_gettime(0x7 /* CLOCK_??? */, {36519, 914636378}) = 0
117240 06:38:31 clock_gettime(0x7 /* CLOCK_??? */, {36519, 914707631}) = 0
117240 06:38:31 select(7, [3 4], [], NULL, NULL) = 1 (in [3])
117240 06:38:31 clock_gettime(0x7 /* CLOCK_??? */, {36519, 915534106}) = 0
117240 06:38:31 read(3, "\24z\216\313x\235\311\220\203\217vQ*\321\204a_\323\342\17R\237\32\255\313T\327\355\241z\2m"..., 8192) = 88
117240 06:38:31 clock_gettime(0x7 /* CLOCK_??? */, {36519, 915747438}) = 0
117240 06:38:31 clock_gettime(0x7 /* CLOCK_??? */, {36519, 915794272}) = 0
117240 06:38:31 select(7, [3 4], [5], NULL, NULL) = 1 (out [5])
117240 06:38:31 clock_gettime(0x7 /* CLOCK_??? */, {36519, 915903875}) = 0
117240 06:38:31 write(5, "Last login: Wed Jul 11 14:20:16 "..., 60) = 60
117240 06:38:31 clock_gettime(0x7 /* CLOCK_??? */, {36519, 916129915}) = 0
117240 06:38:31 clock_gettime(0x7 /* CLOCK_??? */, {36519, 916175751}) = 0
117240 06:38:31 select(7, [3 4], [], NULL, NULL) = 1 (in [3])
117240 06:38:31 clock_gettime(0x7 /* CLOCK_??? */, {36519, 981407148}) = 0
117240 06:38:31 read(3, "\224mw\254\253\364\257\327\35C\2\241Y^\262\265\326=\32\375\203c\361\27\366\327\215.\302\234\261\220"..., 8192) = 56
117240 06:38:31 clock_gettime(0x7 /* CLOCK_??? */, {36519, 981466981}) = 0
117240 06:38:31 clock_gettime(0x7 /* CLOCK_??? */, {36519, 981483105}) = 0
117240 06:38:31 select(7, [3 4], [5], NULL, NULL) = 1 (out [5])
117240 06:38:31 clock_gettime(0x7 /* CLOCK_??? */, {36519, 981523903}) = 0
117240 06:38:31 write(5, "\33]0;root@ecdb:~\7", 16) = 16
117240 06:38:31 clock_gettime(0x7 /* CLOCK_??? */, {36519, 981634463}) = 0
117240 06:38:31 clock_gettime(0x7 /* CLOCK_??? */, {36519, 981650918}) = 0
117240 06:38:31 select(7, [3 4], [], NULL, NULL) = 1 (in [3])
117240 06:38:31 clock_gettime(0x7 /* CLOCK_??? */, {36519, 982322926}) = 0
117240 06:38:31 read(3, "\247\ra\371RP\374oV\33ff\16\3429\0\334\304\323\27\1\270\223\212\341\307\312\30\fGS@"..., 8192) = 40
117240 06:38:31 clock_gettime(0x7 /* CLOCK_??? */, {36519, 982505240}) = 0
117240 06:38:31 clock_gettime(0x7 /* CLOCK_??? */, {36519, 982522226}) = 0
117240 06:38:31 select(7, [3 4], [5], NULL, NULL) = 1 (out [5])
117240 06:38:31 clock_gettime(0x7 /* CLOCK_??? */, {36519, 982578015}) = 0
117240 06:38:31 write(5, "\33[?1034h", 8) = 8
117240 06:38:31 clock_gettime(0x7 /* CLOCK_??? */, {36519, 982684631}) = 0
117240 06:38:31 clock_gettime(0x7 /* CLOCK_??? */, {36519, 982700662}) = 0
117240 06:38:31 select(7, [3 4], [], NULL, NULL) = 1 (in [3])
117240 06:38:31 clock_gettime(0x7 /* CLOCK_??? */, {36519, 987340520}) = 0
117240 06:38:31 read(3, "(~;\272b\5\334g\261f\3079w\244+\337\230\376g\304\230E\230\36\273J\330\332\265;\247\266"..., 8192) = 56
117240 06:38:31 clock_gettime(0x7 /* CLOCK_??? */, {36519, 987394402}) = 0
117240 06:38:31 clock_gettime(0x7 /* CLOCK_??? */, {36519, 987408172}) = 0
117240 06:38:31 select(7, [3 4], [5], NULL, NULL) = 1 (out [5])
117240 06:38:31 clock_gettime(0x7 /* CLOCK_??? */, {36519, 987442064}) = 0
117240 06:38:31 write(5, "[root@ecdb ~]# ", 15) = 15
117240 06:38:31 clock_gettime(0x7 /* CLOCK_??? */, {36519, 987533927}) = 0
117240 06:38:31 clock_gettime(0x7 /* CLOCK_??? */, {36519, 987547636}) = 0
117240 06:38:31 select(7, [3 4], [], NULL, NULL) = 1 (in [4])
117240 06:38:33 clock_gettime(0x7 /* CLOCK_??? */, {36521, 541225634}) = 0
117240 06:38:33 read(4, "e", 16384)     = 1
117240 06:38:33 clock_gettime(0x7 /* CLOCK_??? */, {36521, 541525308}) = 0
117240 06:38:33 clock_gettime(0x7 /* CLOCK_??? */, {36521, 541598533}) = 0
117240 06:38:33 select(7, [3 4], [3], NULL, NULL) = 1 (out [3])
117240 06:38:33 clock_gettime(0x7 /* CLOCK_??? */, {36521, 541771689}) = 0
117240 06:38:33 write(3, "{\324\266\316K\200_\235^T;\346N~V\37*\251\253\33\211\345\212\343l\260(3\\\344\366p"..., 40) = 40
117240 06:38:33 clock_gettime(0x7 /* CLOCK_??? */, {36521, 542569565}) = 0
117240 06:38:33 clock_gettime(0x7 /* CLOCK_??? */, {36521, 543732052}) = 0
117240 06:38:33 select(7, [3 4], [], NULL, NULL) = 1 (in [3])
117240 06:38:33 clock_gettime(0x7 /* CLOCK_??? */, {36521, 555649925}) = 0
117240 06:38:33 read(3, "\247)\16n\205\274,\255q\356\253\310&v\201-'\250\225\204\304\377L\232\6\302\375\370<\307\255S"..., 8192) = 40
117240 06:38:33 clock_gettime(0x7 /* CLOCK_??? */, {36521, 555850475}) = 0
117240 06:38:33 clock_gettime(0x7 /* CLOCK_??? */, {36521, 555920144}) = 0
117240 06:38:33 select(7, [3 4], [5], NULL, NULL) = 1 (out [5])
117240 06:38:33 clock_gettime(0x7 /* CLOCK_??? */, {36521, 556086250}) = 0
117240 06:38:33 write(5, "e", 1)        = 1
117240 06:38:33 clock_gettime(0x7 /* CLOCK_??? */, {36521, 556543218}) = 0
117240 06:38:33 clock_gettime(0x7 /* CLOCK_??? */, {36521, 556615777}) = 0
117240 06:38:33 select(7, [3 4], [], NULL, NULL) = 1 (in [4])
117240 06:38:33 clock_gettime(0x7 /* CLOCK_??? */, {36521, 784733479}) = 0
117240 06:38:33 read(4, "x", 16384)     = 1
117240 06:38:33 clock_gettime(0x7 /* CLOCK_??? */, {36521, 784915284}) = 0
117240 06:38:33 clock_gettime(0x7 /* CLOCK_??? */, {36521, 784964000}) = 0
117240 06:38:33 select(7, [3 4], [3], NULL, NULL) = 1 (out [3])
117240 06:38:33 clock_gettime(0x7 /* CLOCK_??? */, {36521, 785067110}) = 0
117240 06:38:33 write(3, "\340\336vj\v\341\223\271\351\221#\243Sq\227\377]\303\224\344\316i\273\35\22n\306\226\237.\"\360"..., 40) = 40
117240 06:38:33 clock_gettime(0x7 /* CLOCK_??? */, {36521, 785443800}) = 0
117240 06:38:33 clock_gettime(0x7 /* CLOCK_??? */, {36521, 785512964}) = 0
117240 06:38:33 select(7, [3 4], [], NULL, NULL) = 1 (in [3])
117240 06:38:33 clock_gettime(0x7 /* CLOCK_??? */, {36521, 798404889}) = 0
117240 06:38:33 read(3, "\22\227\351\363\3\17\n\34J\363\262s\346\243\347\2064\333\214\245v\254\317a\225bR\352x\3608\250"..., 8192) = 40
117240 06:38:33 clock_gettime(0x7 /* CLOCK_??? */, {36521, 798534705}) = 0
117240 06:38:33 clock_gettime(0x7 /* CLOCK_??? */, {36521, 798576812}) = 0
117240 06:38:33 select(7, [3 4], [5], NULL, NULL) = 1 (out [5])
117240 06:38:33 clock_gettime(0x7 /* CLOCK_??? */, {36521, 798680230}) = 0
117240 06:38:33 write(5, "x", 1)        = 1
117240 06:38:33 clock_gettime(0x7 /* CLOCK_??? */, {36521, 798785754}) = 0
117240 06:38:33 clock_gettime(0x7 /* CLOCK_??? */, {36521, 798827042}) = 0
117240 06:38:33 select(7, [3 4], [], NULL, NULL) = 1 (in [4])
117240 06:38:33 clock_gettime(0x7 /* CLOCK_??? */, {36521, 990811076}) = 0
117240 06:38:33 read(4, "i", 16384)     = 1
117240 06:38:33 clock_gettime(0x7 /* CLOCK_??? */, {36521, 990898277}) = 0
117240 06:38:33 clock_gettime(0x7 /* CLOCK_??? */, {36521, 990919147}) = 0
117240 06:38:33 select(7, [3 4], [3], NULL, NULL) = 1 (out [3])
117240 06:38:33 clock_gettime(0x7 /* CLOCK_??? */, {36521, 990963741}) = 0
117240 06:38:33 write(3, "\303\5\225D\232\222\367-\27>5]\5,\217\305\266\2066aAv\30081\232P\235\254\27*W"..., 40) = 40
117240 06:38:33 clock_gettime(0x7 /* CLOCK_??? */, {36521, 991136075}) = 0
117240 06:38:33 clock_gettime(0x7 /* CLOCK_??? */, {36521, 991157399}) = 0
117240 06:38:33 select(7, [3 4], [], NULL, NULL) = 1 (in [3])
117240 06:38:33 clock_gettime(0x7 /* CLOCK_??? */, {36522, 3471423}) = 0
117240 06:38:33 read(3, "\332\374\217\211E\330\v/\220\262\317\34\337u)\212\313\371y\316\277y\254.\352>\3526\254\356\30\10"..., 8192) = 40
117240 06:38:33 clock_gettime(0x7 /* CLOCK_??? */, {36522, 3543396}) = 0
117240 06:38:33 clock_gettime(0x7 /* CLOCK_??? */, {36522, 3563246}) = 0
117240 06:38:33 select(7, [3 4], [5], NULL, NULL) = 1 (out [5])
117240 06:38:33 clock_gettime(0x7 /* CLOCK_??? */, {36522, 3630806}) = 0
117240 06:38:33 write(5, "i", 1)        = 1
117240 06:38:33 clock_gettime(0x7 /* CLOCK_??? */, {36522, 3684307}) = 0
117240 06:38:33 clock_gettime(0x7 /* CLOCK_??? */, {36522, 3703276}) = 0
117240 06:38:33 select(7, [3 4], [], NULL, NULL) = 1 (in [4])
117240 06:38:33 clock_gettime(0x7 /* CLOCK_??? */, {36522, 175645459}) = 0
117240 06:38:33 read(4, "t", 16384)     = 1
117240 06:38:33 clock_gettime(0x7 /* CLOCK_??? */, {36522, 175727938}) = 0
117240 06:38:33 clock_gettime(0x7 /* CLOCK_??? */, {36522, 175753224}) = 0
117240 06:38:33 select(7, [3 4], [3], NULL, NULL) = 1 (out [3])
117240 06:38:33 clock_gettime(0x7 /* CLOCK_??? */, {36522, 175812278}) = 0
117240 06:38:33 write(3, "&\223\232vI\362\320I~\301\30\217\4\310\3749q\314\305\236/\220[\351\306\31\314=(\217\272\333"..., 40) = 40
117240 06:38:33 clock_gettime(0x7 /* CLOCK_??? */, {36522, 175973232}) = 0
117240 06:38:33 clock_gettime(0x7 /* CLOCK_??? */, {36522, 175999842}) = 0
117240 06:38:33 select(7, [3 4], [], NULL, NULL) = 1 (in [3])
117240 06:38:33 clock_gettime(0x7 /* CLOCK_??? */, {36522, 197898311}) = 0
117240 06:38:33 read(3, "\257\377\357\310\227\354\226gg\210\231/\343\231s\304\327\301\336\37\210RFAX\2\214\7\6S\373\4"..., 8192) = 40
117240 06:38:33 clock_gettime(0x7 /* CLOCK_??? */, {36522, 198057286}) = 0
117240 06:38:33 clock_gettime(0x7 /* CLOCK_??? */, {36522, 198209937}) = 0
117240 06:38:33 select(7, [3 4], [5], NULL, NULL) = 1 (out [5])
117240 06:38:33 clock_gettime(0x7 /* CLOCK_??? */, {36522, 198344951}) = 0
117240 06:38:33 write(5, "t", 1)        = 1
117240 06:38:33 clock_gettime(0x7 /* CLOCK_??? */, {36522, 198619919}) = 0
117240 06:38:33 clock_gettime(0x7 /* CLOCK_??? */, {36522, 198673773}) = 0
117240 06:38:33 select(7, [3 4], [], NULL, NULL) = 1 (in [4])
117240 06:38:35 clock_gettime(0x7 /* CLOCK_??? */, {36523, 376911220}) = 0
117240 06:38:35 read(4, "\r", 16384)    = 1
117240 06:38:35 clock_gettime(0x7 /* CLOCK_??? */, {36523, 377250774}) = 0
117240 06:38:35 clock_gettime(0x7 /* CLOCK_??? */, {36523, 377326365}) = 0
117240 06:38:35 select(7, [3 4], [3], NULL, NULL) = 1 (out [3])
117240 06:38:35 clock_gettime(0x7 /* CLOCK_??? */, {36523, 377500457}) = 0
117240 06:38:35 write(3, "\32t\16\207\315 F~\361\235-)w\346\202\350\366\366b\340\277\276\305^\rb\214\301=\317V\320"..., 40) = 40
117240 06:38:35 clock_gettime(0x7 /* CLOCK_??? */, {36523, 377946321}) = 0
117240 06:38:35 clock_gettime(0x7 /* CLOCK_??? */, {36523, 378725289}) = 0
117240 06:38:35 select(7, [3 4], [], NULL, NULL) = 1 (in [3])
117240 06:38:35 clock_gettime(0x7 /* CLOCK_??? */, {36523, 393920458}) = 0
117240 06:38:35 read(3, "\325)!\210%\21\263_F\0\230\33\345\221q^\335\2675~\330\354\341\202uA[uw\370*\366"..., 8192) = 200
117240 06:38:35 close(4)                = 0
117240 06:38:35 clock_gettime(0x7 /* CLOCK_??? */, {36523, 394387011}) = 0
117240 06:38:35 clock_gettime(0x7 /* CLOCK_??? */, {36523, 394477144}) = 0
117240 06:38:35 select(7, [3], [5], NULL, NULL) = 1 (out [5])
117240 06:38:35 clock_gettime(0x7 /* CLOCK_??? */, {36523, 394670080}) = 0
117240 06:38:35 write(5, "\r\nlogout\r\n", 10) = 10
117240 06:38:35 clock_gettime(0x7 /* CLOCK_??? */, {36523, 395020964}) = 0
117240 06:38:35 clock_gettime(0x7 /* CLOCK_??? */, {36523, 395231383}) = 0
117240 06:38:35 close(5)                = 0
117240 06:38:35 ioctl(0, SNDCTL_TMR_STOP or SNDRV_TIMER_IOCTL_GINFO or TCSETSW, {B38400 opost isig icanon echo ...}) = 0
117240 06:38:35 close(6)                = 0
117240 06:38:35 select(7, [3], [3], NULL, NULL) = 1 (out [3])
117240 06:38:35 clock_gettime(0x7 /* CLOCK_??? */, {36523, 395449104}) = 0
117240 06:38:35 write(3, "D\365U\211\227\372$\22*`4%?r\20a\314\334\233 \337_r\35", 24) = 24
117240 06:38:35 rt_sigaction(SIGWINCH, NULL, {0x7f57daacbc50, [], SA_RESTORER, 0x7f57d963b250}, 8) = 0
117240 06:38:35 rt_sigaction(SIGWINCH, {SIG_DFL, [], SA_RESTORER, 0x7f57d963b250}, NULL, 8) = 0
117240 06:38:35 write(3, "D\344\36\264!\342$\200\202\212,w\303\363\376\246D:\2144U\376G\221\225\365\347\222\342\305\333#"..., 56) = 56
117240 06:38:35 ioctl(0, SNDCTL_TMR_TIMEBASE or SNDRV_TIMER_IOCTL_NEXT_DEVICE or TCGETS, {B38400 opost isig icanon echo ...}) = 0
117240 06:38:35 ioctl(1, SNDCTL_TMR_TIMEBASE or SNDRV_TIMER_IOCTL_NEXT_DEVICE or TCGETS, {B38400 opost isig icanon echo ...}) = 0
117240 06:38:35 ioctl(2, SNDCTL_TMR_TIMEBASE or SNDRV_TIMER_IOCTL_NEXT_DEVICE or TCGETS, {B38400 opost isig icanon echo ...}) = 0
117240 06:38:35 write(2, "Connection to 172.16.22.1 closed"..., 35) = 35
117240 06:38:35 shutdown(3, SHUT_RDWR)  = 0
117240 06:38:35 close(3)                = 0
117240 06:38:35 exit_group(0)           = ?
117240 06:38:35 +++ exited with 0 +++
