117264 06:39:12 read(3, "S", 1)         = 1
117264 06:39:12 read(3, "S", 1)         = 1
117264 06:39:12 read(3, "H", 1)         = 1
117264 06:39:12 read(3, "-", 1)         = 1
117264 06:39:12 read(3, "2", 1)         = 1
117264 06:39:12 read(3, ".", 1)         = 1
117264 06:39:12 read(3, "0", 1)         = 1
117264 06:39:12 read(3, "-", 1)         = 1
117264 06:39:12 read(3, "O", 1)         = 1
117264 06:39:12 read(3, "p", 1)         = 1
117264 06:39:12 read(3, "e", 1)         = 1
117264 06:39:12 read(3, "n", 1)         = 1
117264 06:39:12 read(3, "S", 1)         = 1
117264 06:39:12 read(3, "S", 1)         = 1
117264 06:39:12 read(3, "H", 1)         = 1
117264 06:39:12 read(3, "_", 1)         = 1
117264 06:39:12 read(3, "5", 1)         = 1
117264 06:39:12 read(3, ".", 1)         = 1
117264 06:39:12 read(3, "3", 1)         = 1
117264 06:39:12 read(3, "\r", 1)        = 1
117264 06:39:12 read(3, "\n", 1)        = 1
117264 06:39:12 fcntl(3, F_GETFL)       = 0x2 (flags O_RDWR)
117264 06:39:12 fcntl(3, F_SETFL, O_RDWR|O_NONBLOCK) = 0
117264 06:39:12 open("/root/.ssh/known_hosts", O_RDONLY) = 4
117264 06:39:12 fstat(4, {st_mode=S_IFREG|0644, st_size=788, ...}) = 0
117264 06:39:12 mmap(NULL, 4096, PROT_READ|PROT_WRITE, MAP_PRIVATE|MAP_ANONYMOUS, -1, 0) = 0x7ff9bc15b000
117264 06:39:12 read(4, "172.16.22.1 ssh-rsa AAAAB3NzaC1y"..., 4096) = 788
117264 06:39:12 read(4, "", 4096)       = 0
117264 06:39:12 close(4)                = 0
117264 06:39:12 munmap(0x7ff9bc15b000, 4096) = 0
117264 06:39:12 open("/root/.ssh/known_hosts2", O_RDONLY) = -1 ENOENT (No such file or directory)
117264 06:39:12 open("/usr/local/openssh/etc/ssh_known_hosts", O_RDONLY) = -1 ENOENT (No such file or directory)
117264 06:39:12 open("/usr/local/openssh/etc/ssh_known_hosts2", O_RDONLY) = -1 ENOENT (No such file or directory)
117264 06:39:12 brk(0)                  = 0x7ff9bd3af000
117264 06:39:12 brk(0x7ff9bd3d0000)     = 0x7ff9bd3d0000
117264 06:39:12 write(3, "\0\0\5\224\v\24'\222`N\10\204\1*Ad\336\365\240\v\322E\0\0\0010curve2"..., 1432) = 1432
117264 06:39:12 select(4, [3], NULL, NULL, NULL) = 1 (in [3])
117264 06:39:12 read(3, "\0\0\3D\n\24\375m\325\r\310\267{\272\26\243\274O\20\322\\>\0\0\0~diffie"..., 8192) = 840
117264 06:39:12 write(3, "\0\0\0\24\6\"\0\0\10\0\0\0\f\0\0\0 \0\0\0\0\0\0\0", 24) = 24
117264 06:39:12 select(4, [3], NULL, NULL, NULL) = 1 (in [3])
117264 06:39:12 read(3, "\0\0\1\224\10\37\0\0\1\201\0\323#\r#ur\354\351\371#Xq^\272\303\244\330\237-kM"..., 8192) = 408
117264 06:39:12 write(3, "\0\0\1\214\6 \0\0\1\200\26Y\206\222\1\16\330s\315`)\221\30\257\22$\7\240\33N\236\37"..., 400) = 400
117264 06:39:12 select(4, [3], NULL, NULL, NULL) = 1 (in [3])
117264 06:39:12 read(3, "\0\0\3\274\n!\0\0\1\25\0\0\0\7ssh-rsa\0\0\0\1#\0\0\1\1\0\243"..., 8192) = 976
117264 06:39:12 open("/root/.ssh/known_hosts", O_RDONLY) = 4
117264 06:39:12 fstat(4, {st_mode=S_IFREG|0644, st_size=788, ...}) = 0
117264 06:39:12 mmap(NULL, 4096, PROT_READ|PROT_WRITE, MAP_PRIVATE|MAP_ANONYMOUS, -1, 0) = 0x7ff9bc15b000
117264 06:39:12 read(4, "172.16.22.1 ssh-rsa AAAAB3NzaC1y"..., 4096) = 788
117264 06:39:12 read(4, "", 4096)       = 0
117264 06:39:12 close(4)                = 0
117264 06:39:12 munmap(0x7ff9bc15b000, 4096) = 0
117264 06:39:12 open("/root/.ssh/known_hosts2", O_RDONLY) = -1 ENOENT (No such file or directory)
117264 06:39:12 open("/usr/local/openssh/etc/ssh_known_hosts", O_RDONLY) = -1 ENOENT (No such file or directory)
117264 06:39:12 open("/usr/local/openssh/etc/ssh_known_hosts2", O_RDONLY) = -1 ENOENT (No such file or directory)
117264 06:39:12 clock_gettime(0x7 /* CLOCK_??? */, {36561, 166263883}) = 0
117264 06:39:12 write(3, "\0\0\0\f\n\25\0\0\0\0\0\0\0\0\0\0", 16) = 16
117264 06:39:12 socket(PF_LOCAL, SOCK_STREAM, 0) = 4
117264 06:39:12 fcntl(4, F_SETFD, FD_CLOEXEC) = 0
117264 06:39:12 connect(4, {sa_family=AF_LOCAL, sun_path="/run/user/1000/keyring/ssh"}, 110) = -1 ENOENT (No such file or directory)
117264 06:39:12 close(4)                = 0
117264 06:39:12 write(3, "\217Lbqu\205\31\0\365N\346\331\t\214G\265\334\257o\"\302$\254\202\366\\=#c\r\314\235"..., 40) = 40
117264 06:39:12 select(4, [3], NULL, NULL, NULL) = 1 (in [3])
117264 06:39:12 read(3, "w\257\343|/g\323\271\35\306\350\376\240e-]\231\310\325?\330\17\333\17\245\242\31\226\203\4g\177"..., 8192) = 40
117264 06:39:12 write(3, "\0\247\233\306!\337*nU\36-\10\313\267\17\337K\264\27\346\225\360LO\272;D!B\242%\265"..., 56) = 56
117264 06:39:13 select(4, [3], NULL, NULL, NULL) = 1 (in [3])
117264 06:39:18 read(3, "/|\355\332b\"ED\316D\304I\321\246\21\263\275\273\300?\22G\316t\t\n\307knq\16\352"..., 8192) = 72
117264 06:39:18 stat("/root/.ssh/id_rsa", 0x7ffea7163280) = -1 ENOENT (No such file or directory)
117264 06:39:18 stat("/root/.ssh/id_dsa", 0x7ffea7163280) = -1 ENOENT (No such file or directory)
117264 06:39:18 stat("/root/.ssh/id_ecdsa", 0x7ffea7163280) = -1 ENOENT (No such file or directory)
117264 06:39:18 stat("/root/.ssh/id_ed25519", 0x7ffea7163280) = -1 ENOENT (No such file or directory)
117264 06:39:18 open("/dev/tty", O_RDWR) = 4
117264 06:39:18 close(4)                = 0
117264 06:39:18 open("/dev/tty", O_RDWR) = 4
117264 06:39:18 ioctl(4, SNDCTL_TMR_TIMEBASE or SNDRV_TIMER_IOCTL_NEXT_DEVICE or TCGETS, {B38400 opost isig icanon echo ...}) = 0
117264 06:39:18 ioctl(4, SNDCTL_TMR_CONTINUE or SNDRV_TIMER_IOCTL_GPARAMS or TCSETSF, {B38400 opost isig icanon -echo ...}) = 0
117264 06:39:18 rt_sigaction(SIGALRM, {0x7ff9bc1cb0a0, [], SA_RESTORER, 0x7ff9bace3250}, {SIG_DFL, [], 0}, 8) = 0
117264 06:39:18 rt_sigaction(SIGHUP, {0x7ff9bc1cb0a0, [], SA_RESTORER, 0x7ff9bace3250}, {SIG_DFL, [], 0}, 8) = 0
117264 06:39:18 rt_sigaction(SIGINT, {0x7ff9bc1cb0a0, [], SA_RESTORER, 0x7ff9bace3250}, {SIG_DFL, [], 0}, 8) = 0
117264 06:39:18 rt_sigaction(SIGPIPE, {0x7ff9bc1cb0a0, [], SA_RESTORER, 0x7ff9bace3250}, {SIG_IGN, [], SA_RESTORER, 0x7ff9bace3250}, 8) = 0
117264 06:39:18 rt_sigaction(SIGQUIT, {0x7ff9bc1cb0a0, [], SA_RESTORER, 0x7ff9bace3250}, {SIG_DFL, [], 0}, 8) = 0
117264 06:39:18 rt_sigaction(SIGTERM, {0x7ff9bc1cb0a0, [], SA_RESTORER, 0x7ff9bace3250}, {SIG_DFL, [], 0}, 8) = 0
117264 06:39:18 rt_sigaction(SIGTSTP, {0x7ff9bc1cb0a0, [], SA_RESTORER, 0x7ff9bace3250}, {SIG_DFL, [], 0}, 8) = 0
117264 06:39:18 rt_sigaction(SIGTTIN, {0x7ff9bc1cb0a0, [], SA_RESTORER, 0x7ff9bace3250}, {SIG_DFL, [], 0}, 8) = 0
117264 06:39:18 rt_sigaction(SIGTTOU, {0x7ff9bc1cb0a0, [], SA_RESTORER, 0x7ff9bace3250}, {SIG_DFL, [], 0}, 8) = 0
117264 06:39:18 write(4, "root@172.17.10.112's password: ", 31) = 31
117264 06:39:18 read(4, "x", 1)         = 1
117264 06:39:18 read(4, "x", 1)         = 1
117264 06:39:18 read(4, "x", 1)         = 1
117264 06:39:18 read(4, "x", 1)         = 1
117264 06:39:18 read(4, "x", 1)         = 1
117264 06:39:18 read(4, "x", 1)         = 1
117264 06:39:18 read(4, "1", 1)         = 1
117264 06:39:18 read(4, "2", 1)         = 1
117264 06:39:18 read(4, "3", 1)         = 1
117264 06:39:18 read(4, "4", 1)         = 1
117264 06:39:18 read(4, "\n", 1)        = 1
117264 06:39:18 write(4, "\n", 1)       = 1
117264 06:39:18 ioctl(4, SNDCTL_TMR_CONTINUE or SNDRV_TIMER_IOCTL_GPARAMS or TCSETSF, {B38400 opost isig icanon echo ...}) = 0
117264 06:39:18 rt_sigaction(SIGALRM, {SIG_DFL, [], SA_RESTORER, 0x7ff9bace3250}, NULL, 8) = 0
117264 06:39:18 rt_sigaction(SIGHUP, {SIG_DFL, [], SA_RESTORER, 0x7ff9bace3250}, NULL, 8) = 0
117264 06:39:18 rt_sigaction(SIGINT, {SIG_DFL, [], SA_RESTORER, 0x7ff9bace3250}, NULL, 8) = 0
117264 06:39:18 rt_sigaction(SIGQUIT, {SIG_DFL, [], SA_RESTORER, 0x7ff9bace3250}, NULL, 8) = 0
117264 06:39:18 rt_sigaction(SIGPIPE, {SIG_IGN, [], SA_RESTORER, 0x7ff9bace3250}, NULL, 8) = 0
117264 06:39:18 rt_sigaction(SIGTERM, {SIG_DFL, [], SA_RESTORER, 0x7ff9bace3250}, NULL, 8) = 0
117264 06:39:18 rt_sigaction(SIGTSTP, {SIG_DFL, [], SA_RESTORER, 0x7ff9bace3250}, NULL, 8) = 0
117264 06:39:18 rt_sigaction(SIGTTIN, {SIG_DFL, [], SA_RESTORER, 0x7ff9bace3250}, NULL, 8) = 0
117264 06:39:18 rt_sigaction(SIGTTOU, {SIG_DFL, [], SA_RESTORER, 0x7ff9bace3250}, NULL, 8) = 0
117264 06:39:18 close(4)                = 0
117264 06:39:18 write(3, "_^\377\246\321\272}~p\311\35\241\21Z\227\223a\244\362\\\335\227a\307\273\3\212Al\313\264<"..., 136) = 136
117264 06:39:18 select(4, [3], NULL, NULL, NULL) = 1 (in [3])
117264 06:39:18 read(3, "\24\310s\220\274\23W?\n\371\356\203\32b\26D6\313X\242\220j\251\377", 8192) = 24
117264 06:39:18 dup(0)                  = 4
117264 06:39:18 dup(1)                  = 5
117264 06:39:18 dup(2)                  = 6
117264 06:39:18 ioctl(4, SNDCTL_TMR_TIMEBASE or SNDRV_TIMER_IOCTL_NEXT_DEVICE or TCGETS, {B38400 opost isig icanon echo ...}) = 0
117264 06:39:18 ioctl(5, SNDCTL_TMR_TIMEBASE or SNDRV_TIMER_IOCTL_NEXT_DEVICE or TCGETS, {B38400 opost isig icanon echo ...}) = 0
117264 06:39:18 ioctl(6, SNDCTL_TMR_TIMEBASE or SNDRV_TIMER_IOCTL_NEXT_DEVICE or TCGETS, {B38400 opost isig icanon echo ...}) = 0
117264 06:39:18 fcntl(4, F_SETFD, FD_CLOEXEC) = 0
117264 06:39:18 fcntl(5, F_SETFD, FD_CLOEXEC) = 0
117264 06:39:18 fcntl(6, F_SETFD, FD_CLOEXEC) = 0
117264 06:39:18 rt_sigaction(SIGHUP, NULL, {SIG_DFL, [], SA_RESTORER, 0x7ff9bace3250}, 8) = 0
117264 06:39:18 rt_sigaction(SIGHUP, {SIG_IGN, [], SA_RESTORER, 0x7ff9bace3250}, NULL, 8) = 0
117264 06:39:18 rt_sigaction(SIGHUP, NULL, {SIG_IGN, [], SA_RESTORER, 0x7ff9bace3250}, 8) = 0
117264 06:39:18 rt_sigaction(SIGHUP, {0x7ff9bc1739c0, [], SA_RESTORER, 0x7ff9bace3250}, NULL, 8) = 0
117264 06:39:18 rt_sigaction(SIGINT, NULL, {SIG_DFL, [], SA_RESTORER, 0x7ff9bace3250}, 8) = 0
117264 06:39:18 rt_sigaction(SIGINT, {SIG_IGN, [], SA_RESTORER, 0x7ff9bace3250}, NULL, 8) = 0
117264 06:39:18 rt_sigaction(SIGINT, NULL, {SIG_IGN, [], SA_RESTORER, 0x7ff9bace3250}, 8) = 0
117264 06:39:18 rt_sigaction(SIGINT, {0x7ff9bc1739c0, [], SA_RESTORER, 0x7ff9bace3250}, NULL, 8) = 0
117264 06:39:18 rt_sigaction(SIGQUIT, NULL, {SIG_DFL, [], SA_RESTORER, 0x7ff9bace3250}, 8) = 0
117264 06:39:18 rt_sigaction(SIGQUIT, {SIG_IGN, [], SA_RESTORER, 0x7ff9bace3250}, NULL, 8) = 0
117264 06:39:18 rt_sigaction(SIGQUIT, NULL, {SIG_IGN, [], SA_RESTORER, 0x7ff9bace3250}, 8) = 0
117264 06:39:18 rt_sigaction(SIGQUIT, {0x7ff9bc1739c0, [], SA_RESTORER, 0x7ff9bace3250}, NULL, 8) = 0
117264 06:39:18 rt_sigaction(SIGTERM, NULL, {SIG_DFL, [], SA_RESTORER, 0x7ff9bace3250}, 8) = 0
117264 06:39:18 rt_sigaction(SIGTERM, {SIG_IGN, [], SA_RESTORER, 0x7ff9bace3250}, NULL, 8) = 0
117264 06:39:18 rt_sigaction(SIGTERM, NULL, {SIG_IGN, [], SA_RESTORER, 0x7ff9bace3250}, 8) = 0
117264 06:39:18 rt_sigaction(SIGTERM, {0x7ff9bc1739c0, [], SA_RESTORER, 0x7ff9bace3250}, NULL, 8) = 0
117264 06:39:18 rt_sigaction(SIGWINCH, NULL, {SIG_DFL, [], 0}, 8) = 0
117264 06:39:18 rt_sigaction(SIGWINCH, {0x7ff9bc173c50, [], SA_RESTORER, 0x7ff9bace3250}, NULL, 8) = 0
117264 06:39:18 ioctl(0, SNDCTL_TMR_TIMEBASE or SNDRV_TIMER_IOCTL_NEXT_DEVICE or TCGETS, {B38400 opost isig icanon echo ...}) = 0
117264 06:39:18 ioctl(0, SNDCTL_TMR_STOP or SNDRV_TIMER_IOCTL_GINFO or TCSETSW, {B38400 -opost -isig -icanon -echo ...}) = 0
117264 06:39:18 clock_gettime(0x7 /* CLOCK_??? */, {36566, 366954670}) = 0
117264 06:39:18 clock_gettime(0x7 /* CLOCK_??? */, {36566, 367000692}) = 0
117264 06:39:18 select(7, [3], [3], NULL, NULL) = 1 (out [3])
117264 06:39:18 clock_gettime(0x7 /* CLOCK_??? */, {36566, 367088335}) = 0
117264 06:39:18 write(3, "\245\\\20\3507\235Zy@\375\326\v\361V)9<\263C>\5\34\232\3136\1{\256\227b\360]"..., 112) = 112
117264 06:39:18 clock_gettime(0x7 /* CLOCK_??? */, {36566, 367330344}) = 0
117264 06:39:18 clock_gettime(0x7 /* CLOCK_??? */, {36566, 367368813}) = 0
117264 06:39:18 select(7, [3], [], NULL, NULL) = 1 (in [3])
117264 06:39:18 clock_gettime(0x7 /* CLOCK_??? */, {36566, 752533643}) = 0
117264 06:39:18 read(3, "C!%kP\333\17\264\372\210\254\241\334&.\224\370-/\254\357\35\314L\217\1\206\270\201\304\215\227"..., 8192) = 40
117264 06:39:18 getsockopt(3, SOL_TCP, TCP_NODELAY, [0], [4]) = 0
117264 06:39:18 setsockopt(3, SOL_TCP, TCP_NODELAY, [1], 4) = 0
117264 06:39:18 getsockname(3, {sa_family=AF_INET, sin_port=htons(58174), sin_addr=inet_addr("192.168.226.134")}, [16]) = 0
117264 06:39:18 setsockopt(3, SOL_IP, IP_TOS, [16], 4) = 0
117264 06:39:18 ioctl(0, TIOCGWINSZ, {ws_row=35, ws_col=140, ws_xpixel=0, ws_ypixel=0}) = 0
117264 06:39:18 clock_gettime(0x7 /* CLOCK_??? */, {36566, 753110973}) = 0
117264 06:39:18 clock_gettime(0x7 /* CLOCK_??? */, {36566, 753151147}) = 0
117264 06:39:18 select(7, [3], [3], NULL, NULL) = 1 (out [3])
117264 06:39:18 clock_gettime(0x7 /* CLOCK_??? */, {36566, 753235782}) = 0
117264 06:39:18 write(3, "!\213\342\247#\356tJ\326\333\3569\244\213\314\302z\270\357\355\277\241\7Ra\370\373\35Nl\245\214"..., 384) = 384
117264 06:39:18 clock_gettime(0x7 /* CLOCK_??? */, {36566, 753487336}) = 0
117264 06:39:18 clock_gettime(0x7 /* CLOCK_??? */, {36566, 753525577}) = 0
117264 06:39:18 select(7, [3], [], NULL, NULL) = 1 (in [3])
117264 06:39:18 clock_gettime(0x7 /* CLOCK_??? */, {36566, 771104532}) = 0
117264 06:39:18 read(3, "v\1\331\340\262Q\35\5\30\236\372\254eZ\266\213[\5\330\356\212\370\236J\f\236L`_MUI"..., 8192) = 88
117264 06:39:18 clock_gettime(0x7 /* CLOCK_??? */, {36566, 771228022}) = 0
117264 06:39:18 clock_gettime(0x7 /* CLOCK_??? */, {36566, 771264679}) = 0
117264 06:39:18 select(7, [3 4], [], NULL, NULL) = 1 (in [3])
117264 06:39:18 clock_gettime(0x7 /* CLOCK_??? */, {36566, 779098723}) = 0
117264 06:39:18 read(3, "a\361Y\35692\365\230\245\325\301\5\251\345\233\317\251\255r~g\33X\24r\23\7\234\355}\177`"..., 8192) = 88
117264 06:39:18 clock_gettime(0x7 /* CLOCK_??? */, {36566, 779732523}) = 0
117264 06:39:18 clock_gettime(0x7 /* CLOCK_??? */, {36566, 779827545}) = 0
117264 06:39:18 select(7, [3 4], [5], NULL, NULL) = 1 (out [5])
117264 06:39:18 clock_gettime(0x7 /* CLOCK_??? */, {36566, 780043451}) = 0
117264 06:39:18 write(5, "Last login: Wed Jul 11 14:24:00 "..., 59) = 59
117264 06:39:18 clock_gettime(0x7 /* CLOCK_??? */, {36566, 780471466}) = 0
117264 06:39:18 clock_gettime(0x7 /* CLOCK_??? */, {36566, 780690057}) = 0
117264 06:39:18 select(7, [3 4], [], NULL, NULL) = 1 (in [3])
117264 06:39:18 clock_gettime(0x7 /* CLOCK_??? */, {36566, 927916053}) = 0
117264 06:39:18 read(3, "f\307X\3179-\r\242\365\31\200T\240*Ldy\350\2663'\310\221\222\244\4\307\371\306\372\371U"..., 8192) = 72
117264 06:39:18 clock_gettime(0x7 /* CLOCK_??? */, {36566, 927973181}) = 0
117264 06:39:18 clock_gettime(0x7 /* CLOCK_??? */, {36566, 927988412}) = 0
117264 06:39:18 select(7, [3 4], [5], NULL, NULL) = 1 (out [5])
117264 06:39:18 clock_gettime(0x7 /* CLOCK_??? */, {36566, 928027262}) = 0
117264 06:39:18 write(5, "\33]0;root@cmdb:~\7\33[?1034h[root@cm"..., 39) = 39
117264 06:39:18 clock_gettime(0x7 /* CLOCK_??? */, {36566, 928167298}) = 0
117264 06:39:18 clock_gettime(0x7 /* CLOCK_??? */, {36566, 928183327}) = 0
117264 06:39:18 select(7, [3 4], [], NULL, NULL) = 1 (in [4])
117264 06:39:20 clock_gettime(0x7 /* CLOCK_??? */, {36568, 714391442}) = 0
117264 06:39:20 read(4, "e", 16384)     = 1
117264 06:39:20 clock_gettime(0x7 /* CLOCK_??? */, {36568, 714808436}) = 0
117264 06:39:20 clock_gettime(0x7 /* CLOCK_??? */, {36568, 714899304}) = 0
117264 06:39:20 select(7, [3 4], [3], NULL, NULL) = 1 (out [3])
117264 06:39:20 clock_gettime(0x7 /* CLOCK_??? */, {36568, 715107973}) = 0
117264 06:39:20 write(3, "\211\327\0163\240'\20\307\250\321Y\27m\220U\245\3109\276\255\326\f\245\376\5E\325\373\341\300(1"..., 40) = 40
117264 06:39:20 clock_gettime(0x7 /* CLOCK_??? */, {36568, 716325130}) = 0
117264 06:39:20 clock_gettime(0x7 /* CLOCK_??? */, {36568, 716423141}) = 0
117264 06:39:20 select(7, [3 4], [], NULL, NULL) = 1 (in [3])
117264 06:39:20 clock_gettime(0x7 /* CLOCK_??? */, {36568, 732412097}) = 0
117264 06:39:20 read(3, "\310\351`\370E\360\367&S\362\347\304#\262|0\334R\315\342$\233,\235\245\216=]\342\230Kj"..., 8192) = 40
117264 06:39:20 clock_gettime(0x7 /* CLOCK_??? */, {36568, 732581967}) = 0
117264 06:39:20 clock_gettime(0x7 /* CLOCK_??? */, {36568, 732635043}) = 0
117264 06:39:20 select(7, [3 4], [5], NULL, NULL) = 1 (out [5])
117264 06:39:20 clock_gettime(0x7 /* CLOCK_??? */, {36568, 732732591}) = 0
117264 06:39:20 write(5, "e", 1)        = 1
117264 06:39:20 clock_gettime(0x7 /* CLOCK_??? */, {36568, 732822282}) = 0
117264 06:39:20 clock_gettime(0x7 /* CLOCK_??? */, {36568, 732857049}) = 0
117264 06:39:20 select(7, [3 4], [], NULL, NULL) = 1 (in [4])
117264 06:39:20 clock_gettime(0x7 /* CLOCK_??? */, {36568, 959633290}) = 0
117264 06:39:20 read(4, "x", 16384)     = 1
117264 06:39:20 clock_gettime(0x7 /* CLOCK_??? */, {36568, 960104099}) = 0
117264 06:39:20 clock_gettime(0x7 /* CLOCK_??? */, {36568, 960253981}) = 0
117264 06:39:20 select(7, [3 4], [3], NULL, NULL) = 1 (out [3])
117264 06:39:20 clock_gettime(0x7 /* CLOCK_??? */, {36568, 960956214}) = 0
117264 06:39:20 write(3, "\263\241\233\271k\216\r@r\366l\236Z>\345\202y[Zh\204\312\222=\0\33O\23F\247\243L"..., 40) = 40
117264 06:39:20 clock_gettime(0x7 /* CLOCK_??? */, {36568, 962901015}) = 0
117264 06:39:20 clock_gettime(0x7 /* CLOCK_??? */, {36568, 963046933}) = 0
117264 06:39:20 select(7, [3 4], [], NULL, NULL) = 1 (in [3])
117264 06:39:20 clock_gettime(0x7 /* CLOCK_??? */, {36568, 991155275}) = 0
117264 06:39:20 read(3, "\232\323Lr\r\364\"\342}\356\2639\345\260\264\303:\317w\377\207\n\254\303a\10\337\374\177\365\276u"..., 8192) = 40
117264 06:39:20 clock_gettime(0x7 /* CLOCK_??? */, {36568, 991281024}) = 0
117264 06:39:20 clock_gettime(0x7 /* CLOCK_??? */, {36568, 991320096}) = 0
117264 06:39:20 select(7, [3 4], [5], NULL, NULL) = 1 (out [5])
117264 06:39:20 clock_gettime(0x7 /* CLOCK_??? */, {36568, 991413620}) = 0
117264 06:39:20 write(5, "x", 1)        = 1
117264 06:39:20 clock_gettime(0x7 /* CLOCK_??? */, {36568, 991504153}) = 0
117264 06:39:20 clock_gettime(0x7 /* CLOCK_??? */, {36568, 992013828}) = 0
117264 06:39:20 select(7, [3 4], [], NULL, NULL) = 1 (in [4])
117264 06:39:20 clock_gettime(0x7 /* CLOCK_??? */, {36569, 123811647}) = 0
117264 06:39:20 read(4, "i", 16384)     = 1
117264 06:39:20 clock_gettime(0x7 /* CLOCK_??? */, {36569, 124029238}) = 0
117264 06:39:20 clock_gettime(0x7 /* CLOCK_??? */, {36569, 124111200}) = 0
117264 06:39:20 select(7, [3 4], [3], NULL, NULL) = 1 (out [3])
117264 06:39:20 clock_gettime(0x7 /* CLOCK_??? */, {36569, 124314761}) = 0
117264 06:39:20 write(3, "\356\335\346m3\207{Qy\n\v\313\274\nDW\243\330\222\\PJ\214}\373\254\346\251\10Vw\301"..., 40) = 40
117264 06:39:20 clock_gettime(0x7 /* CLOCK_??? */, {36569, 124767290}) = 0
117264 06:39:20 clock_gettime(0x7 /* CLOCK_??? */, {36569, 124843801}) = 0
117264 06:39:20 select(7, [3 4], [], NULL, NULL) = 1 (in [3])
117264 06:39:20 clock_gettime(0x7 /* CLOCK_??? */, {36569, 143454438}) = 0
117264 06:39:20 read(3, "\26TE\246\337\372\375\322\273\337BzY\302\252,3ct\372\5\376H\272\233ef;\354\r \32"..., 8192) = 40
117264 06:39:20 clock_gettime(0x7 /* CLOCK_??? */, {36569, 143776000}) = 0
117264 06:39:20 clock_gettime(0x7 /* CLOCK_??? */, {36569, 143830522}) = 0
117264 06:39:20 select(7, [3 4], [5], NULL, NULL) = 1 (out [5])
117264 06:39:20 clock_gettime(0x7 /* CLOCK_??? */, {36569, 143964739}) = 0
117264 06:39:20 write(5, "i", 1)        = 1
117264 06:39:20 clock_gettime(0x7 /* CLOCK_??? */, {36569, 144249626}) = 0
117264 06:39:20 clock_gettime(0x7 /* CLOCK_??? */, {36569, 144304549}) = 0
117264 06:39:20 select(7, [3 4], [], NULL, NULL) = 1 (in [4])
117264 06:39:21 clock_gettime(0x7 /* CLOCK_??? */, {36569, 325628302}) = 0
117264 06:39:21 read(4, "t", 16384)     = 1
117264 06:39:21 clock_gettime(0x7 /* CLOCK_??? */, {36569, 325940431}) = 0
117264 06:39:21 clock_gettime(0x7 /* CLOCK_??? */, {36569, 326014025}) = 0
117264 06:39:21 select(7, [3 4], [3], NULL, NULL) = 1 (out [3])
117264 06:39:21 clock_gettime(0x7 /* CLOCK_??? */, {36569, 326186032}) = 0
117264 06:39:21 write(3, "\323Q\376\277\22\263\274\274{\332\"\361\303\257\345\214R\226\244\373\363t`V$p\377\213A\313zd"..., 40) = 40
117264 06:39:21 clock_gettime(0x7 /* CLOCK_??? */, {36569, 326680666}) = 0
117264 06:39:21 clock_gettime(0x7 /* CLOCK_??? */, {36569, 326758420}) = 0
117264 06:39:21 select(7, [3 4], [], NULL, NULL) = 1 (in [3])
117264 06:39:21 clock_gettime(0x7 /* CLOCK_??? */, {36569, 346857407}) = 0
117264 06:39:21 read(3, "yf\20\315\353|\23\251@\231\323\306.<^\310\344\223tc}Xs\17\202\265B\377\231k\35E"..., 8192) = 40
117264 06:39:21 clock_gettime(0x7 /* CLOCK_??? */, {36569, 347077973}) = 0
117264 06:39:21 clock_gettime(0x7 /* CLOCK_??? */, {36569, 347150603}) = 0
117264 06:39:21 select(7, [3 4], [5], NULL, NULL) = 1 (out [5])
117264 06:39:21 clock_gettime(0x7 /* CLOCK_??? */, {36569, 347361118}) = 0
117264 06:39:21 write(5, "t", 1)        = 1
117264 06:39:21 clock_gettime(0x7 /* CLOCK_??? */, {36569, 347852333}) = 0
117264 06:39:21 clock_gettime(0x7 /* CLOCK_??? */, {36569, 347928125}) = 0
117264 06:39:21 select(7, [3 4], [], NULL, NULL) = 1 (in [4])
117264 06:39:21 clock_gettime(0x7 /* CLOCK_??? */, {36569, 744612498}) = 0
117264 06:39:21 read(4, "\r", 16384)    = 1
117264 06:39:21 clock_gettime(0x7 /* CLOCK_??? */, {36569, 744849407}) = 0
117264 06:39:21 clock_gettime(0x7 /* CLOCK_??? */, {36569, 744904537}) = 0
117264 06:39:21 select(7, [3 4], [3], NULL, NULL) = 1 (out [3])
117264 06:39:21 clock_gettime(0x7 /* CLOCK_??? */, {36569, 745032902}) = 0
117264 06:39:21 write(3, "\243\366\202\202\276\221 \275\232k\225!t+I\17\311q\7=.?\265\353\227\334\232$gC\27L"..., 40) = 40
117264 06:39:21 clock_gettime(0x7 /* CLOCK_??? */, {36569, 745377723}) = 0
117264 06:39:21 clock_gettime(0x7 /* CLOCK_??? */, {36569, 745435195}) = 0
117264 06:39:21 select(7, [3 4], [], NULL, NULL) = 1 (in [3])
117264 06:39:21 clock_gettime(0x7 /* CLOCK_??? */, {36569, 771706706}) = 0
117264 06:39:21 read(3, "\313%\226\36\10\361\241\200%\36\201\271Nt\304\30\242R\226\203\300\332\253\266\377\216E\373\rtmC"..., 8192) = 80
117264 06:39:21 clock_gettime(0x7 /* CLOCK_??? */, {36569, 771909254}) = 0
117264 06:39:21 clock_gettime(0x7 /* CLOCK_??? */, {36569, 771977332}) = 0
117264 06:39:21 select(7, [3 4], [5], NULL, NULL) = 1 (out [5])
117264 06:39:21 clock_gettime(0x7 /* CLOCK_??? */, {36569, 772138205}) = 0
117264 06:39:21 write(5, "\r\nlogout\r\n", 10) = 10
117264 06:39:21 clock_gettime(0x7 /* CLOCK_??? */, {36569, 772433868}) = 0
117264 06:39:21 clock_gettime(0x7 /* CLOCK_??? */, {36569, 772605097}) = 0
117264 06:39:21 select(7, [3 4], [], NULL, NULL) = 1 (in [3])
117264 06:39:21 clock_gettime(0x7 /* CLOCK_??? */, {36569, 785422592}) = 0
117264 06:39:21 read(3, "\377\177\213#\3k\273\262xk!q_\263o\243\220iS'\353Ur\0054\303\t\375\342p\250\240"..., 8192) = 160
117264 06:39:21 close(5)                = 0
117264 06:39:21 close(4)                = 0
117264 06:39:21 clock_gettime(0x7 /* CLOCK_??? */, {36569, 785927653}) = 0
117264 06:39:21 clock_gettime(0x7 /* CLOCK_??? */, {36569, 786018074}) = 0
117264 06:39:21 ioctl(0, SNDCTL_TMR_STOP or SNDRV_TIMER_IOCTL_GINFO or TCSETSW, {B38400 opost isig icanon echo ...}) = 0
117264 06:39:21 close(6)                = 0
117264 06:39:21 select(7, [3], [3], NULL, NULL) = 1 (out [3])
117264 06:39:21 clock_gettime(0x7 /* CLOCK_??? */, {36569, 793134070}) = 0
117264 06:39:21 write(3, "\227\204w\t\356\261\341,Uy\265\340\177\250\270\371\2775\2406\245F\1=", 24) = 24
117264 06:39:21 rt_sigaction(SIGWINCH, NULL, {0x7ff9bc173c50, [], SA_RESTORER, 0x7ff9bace3250}, 8) = 0
117264 06:39:21 rt_sigaction(SIGWINCH, {SIG_DFL, [], SA_RESTORER, 0x7ff9bace3250}, NULL, 8) = 0
117264 06:39:21 write(3, "3\231\316@K3g\3116A\fZ\336\t\376\4\261g\5so\262CM\30\f\317\n\243\201\16 "..., 56) = 56
117264 06:39:21 ioctl(0, SNDCTL_TMR_TIMEBASE or SNDRV_TIMER_IOCTL_NEXT_DEVICE or TCGETS, {B38400 opost isig icanon echo ...}) = 0
117264 06:39:21 ioctl(1, SNDCTL_TMR_TIMEBASE or SNDRV_TIMER_IOCTL_NEXT_DEVICE or TCGETS, {B38400 opost isig icanon echo ...}) = 0
117264 06:39:21 ioctl(2, SNDCTL_TMR_TIMEBASE or SNDRV_TIMER_IOCTL_NEXT_DEVICE or TCGETS, {B38400 opost isig icanon echo ...}) = 0
117264 06:39:21 write(2, "Connection to 172.17.10.112 clos"..., 37) = 37
117264 06:39:21 shutdown(3, SHUT_RDWR)  = 0
117264 06:39:21 close(3)                = 0
117264 06:39:21 exit_group(0)           = ?
117264 06:39:21 +++ exited with 0 +++
