117432 06:42:50 read(3, "S", 1)         = 1
117432 06:42:50 read(3, "S", 1)         = 1
117432 06:42:50 read(3, "H", 1)         = 1
117432 06:42:50 read(3, "-", 1)         = 1
117432 06:42:50 read(3, "2", 1)         = 1
117432 06:42:50 read(3, ".", 1)         = 1
117432 06:42:50 read(3, "0", 1)         = 1
117432 06:42:50 read(3, "-", 1)         = 1
117432 06:42:50 read(3, "O", 1)         = 1
117432 06:42:50 read(3, "p", 1)         = 1
117432 06:42:50 read(3, "e", 1)         = 1
117432 06:42:50 read(3, "n", 1)         = 1
117432 06:42:50 read(3, "S", 1)         = 1
117432 06:42:50 read(3, "S", 1)         = 1
117432 06:42:50 read(3, "H", 1)         = 1
117432 06:42:50 read(3, "_", 1)         = 1
117432 06:42:50 read(3, "5", 1)         = 1
117432 06:42:50 read(3, ".", 1)         = 1
117432 06:42:50 read(3, "3", 1)         = 1
117432 06:42:50 read(3, "\r", 1)        = 1
117432 06:42:50 read(3, "\n", 1)        = 1
117432 06:42:50 fcntl(3, F_GETFL)       = 0x2 (flags O_RDWR)
117432 06:42:50 fcntl(3, F_SETFL, O_RDWR|O_NONBLOCK) = 0
117432 06:42:50 open("/root/.ssh/known_hosts", O_RDONLY) = 4
117432 06:42:50 fstat(4, {st_mode=S_IFREG|0644, st_size=788, ...}) = 0
117432 06:42:50 mmap(NULL, 4096, PROT_READ|PROT_WRITE, MAP_PRIVATE|MAP_ANONYMOUS, -1, 0) = 0x7fd49ebd4000
117432 06:42:50 read(4, "172.16.22.1 ssh-rsa AAAAB3NzaC1y"..., 4096) = 788
117432 06:42:50 read(4, "", 4096)       = 0
117432 06:42:50 close(4)                = 0
117432 06:42:50 munmap(0x7fd49ebd4000, 4096) = 0
117432 06:42:50 open("/root/.ssh/known_hosts2", O_RDONLY) = -1 ENOENT (No such file or directory)
117432 06:42:50 open("/usr/local/openssh/etc/ssh_known_hosts", O_RDONLY) = -1 ENOENT (No such file or directory)
117432 06:42:50 open("/usr/local/openssh/etc/ssh_known_hosts2", O_RDONLY) = -1 ENOENT (No such file or directory)
117432 06:42:50 brk(0)                  = 0x7fd49fac7000
117432 06:42:50 brk(0x7fd49fae8000)     = 0x7fd49fae8000
117432 06:42:50 write(3, "\0\0\5\224\v\24\301\3|,-\3434\3062f\200\177}\357R\206\0\0\0010curve2"..., 1432) = 1432
117432 06:42:50 select(4, [3], NULL, NULL, NULL) = 1 (in [3])
117432 06:42:50 read(3, "\0\0\3D\n\24\25B9gLH\37\231\27\262\0j\225idY\0\0\0~diffie"..., 8192) = 840
117432 06:42:50 write(3, "\0\0\0\24\6\"\0\0\10\0\0\0\f\0\0\0 \0\0\0\0\0\0\0", 24) = 24
117432 06:42:50 select(4, [3], NULL, NULL, NULL) = 1 (in [3])
117432 06:42:50 read(3, "\0\0\1\224\10\37\0\0\1\201\0\323#\r#ur\354\351\371#Xq^\272\303\244\330\237-kM"..., 8192) = 408
117432 06:42:50 write(3, "\0\0\1\214\6 \0\0\1\200&\237\0373zL\346\313y\361r\37\314S\256\343\372\222L\242\3560"..., 400) = 400
117432 06:42:50 select(4, [3], NULL, NULL, NULL) = 1 (in [3])
117432 06:42:50 read(3, "\0\0\3\274\n!\0\0\1\25\0\0\0\7ssh-rsa\0\0\0\1#\0\0\1\1\0\267"..., 8192) = 976
117432 06:42:50 open("/root/.ssh/known_hosts", O_RDONLY) = 4
117432 06:42:50 fstat(4, {st_mode=S_IFREG|0644, st_size=788, ...}) = 0
117432 06:42:50 mmap(NULL, 4096, PROT_READ|PROT_WRITE, MAP_PRIVATE|MAP_ANONYMOUS, -1, 0) = 0x7fd49ebd4000
117432 06:42:50 read(4, "172.16.22.1 ssh-rsa AAAAB3NzaC1y"..., 4096) = 788
117432 06:42:50 read(4, "", 4096)       = 0
117432 06:42:50 close(4)                = 0
117432 06:42:50 munmap(0x7fd49ebd4000, 4096) = 0
117432 06:42:50 open("/root/.ssh/known_hosts2", O_RDONLY) = -1 ENOENT (No such file or directory)
117432 06:42:50 open("/usr/local/openssh/etc/ssh_known_hosts", O_RDONLY) = -1 ENOENT (No such file or directory)
117432 06:42:50 open("/usr/local/openssh/etc/ssh_known_hosts2", O_RDONLY) = -1 ENOENT (No such file or directory)
117432 06:42:50 clock_gettime(0x7 /* CLOCK_??? */, {36779, 124064244}) = 0
117432 06:42:50 write(3, "\0\0\0\f\n\25\0\0\0\0\0\0\0\0\0\0", 16) = 16
117432 06:42:50 socket(PF_LOCAL, SOCK_STREAM, 0) = 4
117432 06:42:50 fcntl(4, F_SETFD, FD_CLOEXEC) = 0
117432 06:42:50 connect(4, {sa_family=AF_LOCAL, sun_path="/run/user/1000/keyring/ssh"}, 110) = -1 ENOENT (No such file or directory)
117432 06:42:50 close(4)                = 0
117432 06:42:50 write(3, "\376\340\223')\237&\343S$\224\5{\236\244\356\253\346\f%\363\333\5\243_\336'\205\233\35J\360"..., 40) = 40
117432 06:42:50 select(4, [3], NULL, NULL, NULL) = 1 (in [3])
117432 06:42:50 read(3, "#COoM}\21\5\370\370\227)\n|\25\32\2111\245z\236~\330\262l\326ME\363IU\257"..., 8192) = 40
117432 06:42:50 write(3, "\216(\373>\250\35<\257\355SmG\17\226\1\5\0NTG\223\373\373\211\26\33,C\22\267\323E"..., 56) = 56
117432 06:42:50 select(4, [3], NULL, NULL, NULL) = 1 (in [3])
117432 06:42:56 read(3, "\255<\202\274\246~\f\37\353\250\304\3324u\374\324\301=-\343\250M\263aW\230\223\317\16\204\307\3"..., 8192) = 72
117432 06:42:56 stat("/root/.ssh/id_rsa", 0x7ffea251d580) = -1 ENOENT (No such file or directory)
117432 06:42:56 stat("/root/.ssh/id_dsa", 0x7ffea251d580) = -1 ENOENT (No such file or directory)
117432 06:42:56 stat("/root/.ssh/id_ecdsa", 0x7ffea251d580) = -1 ENOENT (No such file or directory)
117432 06:42:56 stat("/root/.ssh/id_ed25519", 0x7ffea251d580) = -1 ENOENT (No such file or directory)
117432 06:42:56 open("/dev/tty", O_RDWR) = 4
117432 06:42:56 close(4)                = 0
117432 06:42:56 open("/dev/tty", O_RDWR) = 4
117432 06:42:56 ioctl(4, SNDCTL_TMR_TIMEBASE or SNDRV_TIMER_IOCTL_NEXT_DEVICE or TCGETS, {B38400 opost isig icanon echo ...}) = 0
117432 06:42:56 ioctl(4, SNDCTL_TMR_CONTINUE or SNDRV_TIMER_IOCTL_GPARAMS or TCSETSF, {B38400 opost isig icanon -echo ...}) = 0
117432 06:42:56 rt_sigaction(SIGALRM, {0x7fd49ec440a0, [], SA_RESTORER, 0x7fd49d75c250}, {SIG_DFL, [], 0}, 8) = 0
117432 06:42:56 rt_sigaction(SIGHUP, {0x7fd49ec440a0, [], SA_RESTORER, 0x7fd49d75c250}, {SIG_DFL, [], 0}, 8) = 0
117432 06:42:56 rt_sigaction(SIGINT, {0x7fd49ec440a0, [], SA_RESTORER, 0x7fd49d75c250}, {SIG_DFL, [], 0}, 8) = 0
117432 06:42:56 rt_sigaction(SIGPIPE, {0x7fd49ec440a0, [], SA_RESTORER, 0x7fd49d75c250}, {SIG_IGN, [], SA_RESTORER, 0x7fd49d75c250}, 8) = 0
117432 06:42:56 rt_sigaction(SIGQUIT, {0x7fd49ec440a0, [], SA_RESTORER, 0x7fd49d75c250}, {SIG_DFL, [], 0}, 8) = 0
117432 06:42:56 rt_sigaction(SIGTERM, {0x7fd49ec440a0, [], SA_RESTORER, 0x7fd49d75c250}, {SIG_DFL, [], 0}, 8) = 0
117432 06:42:56 rt_sigaction(SIGTSTP, {0x7fd49ec440a0, [], SA_RESTORER, 0x7fd49d75c250}, {SIG_DFL, [], 0}, 8) = 0
117432 06:42:56 rt_sigaction(SIGTTIN, {0x7fd49ec440a0, [], SA_RESTORER, 0x7fd49d75c250}, {SIG_DFL, [], 0}, 8) = 0
117432 06:42:56 rt_sigaction(SIGTTOU, {0x7fd49ec440a0, [], SA_RESTORER, 0x7fd49d75c250}, {SIG_DFL, [], 0}, 8) = 0
117432 06:42:56 write(4, "root@172.16.22.1's password: ", 29) = 29
117432 06:42:56 read(4, "x", 1)         = 1
117432 06:42:56 read(4, "x", 1)         = 1
117432 06:42:56 read(4, "x", 1)         = 1
117432 06:42:56 read(4, "x", 1)         = 1
117432 06:42:56 read(4, "x", 1)         = 1
117432 06:42:56 read(4, "x", 1)         = 1
117432 06:42:56 read(4, "1", 1)         = 1
117432 06:42:56 read(4, "2", 1)         = 1
117432 06:42:56 read(4, "3", 1)         = 1
117432 06:42:56 read(4, "\n", 1)        = 1
117432 06:42:56 write(4, "\n", 1)       = 1
117432 06:42:56 ioctl(4, SNDCTL_TMR_CONTINUE or SNDRV_TIMER_IOCTL_GPARAMS or TCSETSF, {B38400 opost isig icanon echo ...}) = 0
117432 06:42:56 rt_sigaction(SIGALRM, {SIG_DFL, [], SA_RESTORER, 0x7fd49d75c250}, NULL, 8) = 0
117432 06:42:56 rt_sigaction(SIGHUP, {SIG_DFL, [], SA_RESTORER, 0x7fd49d75c250}, NULL, 8) = 0
117432 06:42:56 rt_sigaction(SIGINT, {SIG_DFL, [], SA_RESTORER, 0x7fd49d75c250}, NULL, 8) = 0
117432 06:42:56 rt_sigaction(SIGQUIT, {SIG_DFL, [], SA_RESTORER, 0x7fd49d75c250}, NULL, 8) = 0
117432 06:42:56 rt_sigaction(SIGPIPE, {SIG_IGN, [], SA_RESTORER, 0x7fd49d75c250}, NULL, 8) = 0
117432 06:42:56 rt_sigaction(SIGTERM, {SIG_DFL, [], SA_RESTORER, 0x7fd49d75c250}, NULL, 8) = 0
117432 06:42:56 rt_sigaction(SIGTSTP, {SIG_DFL, [], SA_RESTORER, 0x7fd49d75c250}, NULL, 8) = 0
117432 06:42:56 rt_sigaction(SIGTTIN, {SIG_DFL, [], SA_RESTORER, 0x7fd49d75c250}, NULL, 8) = 0
117432 06:42:56 rt_sigaction(SIGTTOU, {SIG_DFL, [], SA_RESTORER, 0x7fd49d75c250}, NULL, 8) = 0
117432 06:42:56 close(4)                = 0
117432 06:42:56 write(3, "\334\226F\350\277 \305\265Z\265\253Q\207\261!`\257\361\4Hgj\345\304\316\34\330\360\274l.3"..., 136) = 136
117432 06:42:56 select(4, [3], NULL, NULL, NULL) = 1 (in [3])
117432 06:42:56 read(3, "\327\344\31\22\213g\202\224\344B|Oc>>h\203\v\265\2641\3165A", 8192) = 24
117432 06:42:56 dup(0)                  = 4
117432 06:42:56 dup(1)                  = 5
117432 06:42:56 dup(2)                  = 6
117432 06:42:56 ioctl(4, SNDCTL_TMR_TIMEBASE or SNDRV_TIMER_IOCTL_NEXT_DEVICE or TCGETS, {B38400 opost isig icanon echo ...}) = 0
117432 06:42:56 ioctl(5, SNDCTL_TMR_TIMEBASE or SNDRV_TIMER_IOCTL_NEXT_DEVICE or TCGETS, {B38400 opost isig icanon echo ...}) = 0
117432 06:42:56 ioctl(6, SNDCTL_TMR_TIMEBASE or SNDRV_TIMER_IOCTL_NEXT_DEVICE or TCGETS, {B38400 opost isig icanon echo ...}) = 0
117432 06:42:56 fcntl(4, F_SETFD, FD_CLOEXEC) = 0
117432 06:42:56 fcntl(5, F_SETFD, FD_CLOEXEC) = 0
117432 06:42:56 fcntl(6, F_SETFD, FD_CLOEXEC) = 0
117432 06:42:56 rt_sigaction(SIGHUP, NULL, {SIG_DFL, [], SA_RESTORER, 0x7fd49d75c250}, 8) = 0
117432 06:42:56 rt_sigaction(SIGHUP, {SIG_IGN, [], SA_RESTORER, 0x7fd49d75c250}, NULL, 8) = 0
117432 06:42:56 rt_sigaction(SIGHUP, NULL, {SIG_IGN, [], SA_RESTORER, 0x7fd49d75c250}, 8) = 0
117432 06:42:56 rt_sigaction(SIGHUP, {0x7fd49ebec9c0, [], SA_RESTORER, 0x7fd49d75c250}, NULL, 8) = 0
117432 06:42:56 rt_sigaction(SIGINT, NULL, {SIG_DFL, [], SA_RESTORER, 0x7fd49d75c250}, 8) = 0
117432 06:42:56 rt_sigaction(SIGINT, {SIG_IGN, [], SA_RESTORER, 0x7fd49d75c250}, NULL, 8) = 0
117432 06:42:56 rt_sigaction(SIGINT, NULL, {SIG_IGN, [], SA_RESTORER, 0x7fd49d75c250}, 8) = 0
117432 06:42:56 rt_sigaction(SIGINT, {0x7fd49ebec9c0, [], SA_RESTORER, 0x7fd49d75c250}, NULL, 8) = 0
117432 06:42:56 rt_sigaction(SIGQUIT, NULL, {SIG_DFL, [], SA_RESTORER, 0x7fd49d75c250}, 8) = 0
117432 06:42:56 rt_sigaction(SIGQUIT, {SIG_IGN, [], SA_RESTORER, 0x7fd49d75c250}, NULL, 8) = 0
117432 06:42:56 rt_sigaction(SIGQUIT, NULL, {SIG_IGN, [], SA_RESTORER, 0x7fd49d75c250}, 8) = 0
117432 06:42:56 rt_sigaction(SIGQUIT, {0x7fd49ebec9c0, [], SA_RESTORER, 0x7fd49d75c250}, NULL, 8) = 0
117432 06:42:56 rt_sigaction(SIGTERM, NULL, {SIG_DFL, [], SA_RESTORER, 0x7fd49d75c250}, 8) = 0
117432 06:42:56 rt_sigaction(SIGTERM, {SIG_IGN, [], SA_RESTORER, 0x7fd49d75c250}, NULL, 8) = 0
117432 06:42:56 rt_sigaction(SIGTERM, NULL, {SIG_IGN, [], SA_RESTORER, 0x7fd49d75c250}, 8) = 0
117432 06:42:56 rt_sigaction(SIGTERM, {0x7fd49ebec9c0, [], SA_RESTORER, 0x7fd49d75c250}, NULL, 8) = 0
117432 06:42:56 rt_sigaction(SIGWINCH, NULL, {SIG_DFL, [], 0}, 8) = 0
117432 06:42:56 rt_sigaction(SIGWINCH, {0x7fd49ebecc50, [], SA_RESTORER, 0x7fd49d75c250}, NULL, 8) = 0
117432 06:42:56 ioctl(0, SNDCTL_TMR_TIMEBASE or SNDRV_TIMER_IOCTL_NEXT_DEVICE or TCGETS, {B38400 opost isig icanon echo ...}) = 0
117432 06:42:56 ioctl(0, SNDCTL_TMR_STOP or SNDRV_TIMER_IOCTL_GINFO or TCSETSW, {B38400 -opost -isig -icanon -echo ...}) = 0
117432 06:42:56 clock_gettime(0x7 /* CLOCK_??? */, {36784, 269675161}) = 0
117432 06:42:56 clock_gettime(0x7 /* CLOCK_??? */, {36784, 269737417}) = 0
117432 06:42:56 select(7, [3], [3], NULL, NULL) = 1 (out [3])
117432 06:42:56 clock_gettime(0x7 /* CLOCK_??? */, {36784, 269863018}) = 0
117432 06:42:56 write(3, "_\2NIR\6m\253\3669\t,Ix\6\326v\277[=\356\267\247\206]\223F\236\336\310\f\340"..., 112) = 112
117432 06:42:56 clock_gettime(0x7 /* CLOCK_??? */, {36784, 270577188}) = 0
117432 06:42:56 clock_gettime(0x7 /* CLOCK_??? */, {36784, 270635581}) = 0
117432 06:42:56 select(7, [3], [], NULL, NULL) = 1 (in [3])
117432 06:42:56 clock_gettime(0x7 /* CLOCK_??? */, {36784, 286865297}) = 0
117432 06:42:56 read(3, "Kb\177Y\365\\\257i\234S\207\212\2601Z)\256\344\273rqB\337\32\325\332*\210\264\3\311\321"..., 8192) = 40
117432 06:42:56 getsockopt(3, SOL_TCP, TCP_NODELAY, [0], [4]) = 0
117432 06:42:56 setsockopt(3, SOL_TCP, TCP_NODELAY, [1], 4) = 0
117432 06:42:56 getsockname(3, {sa_family=AF_INET, sin_port=htons(33910), sin_addr=inet_addr("192.168.226.134")}, [16]) = 0
117432 06:42:56 setsockopt(3, SOL_IP, IP_TOS, [16], 4) = 0
117432 06:42:56 ioctl(0, TIOCGWINSZ, {ws_row=24, ws_col=80, ws_xpixel=0, ws_ypixel=0}) = 0
117432 06:42:56 clock_gettime(0x7 /* CLOCK_??? */, {36784, 292459922}) = 0
117432 06:42:56 clock_gettime(0x7 /* CLOCK_??? */, {36784, 293321145}) = 0
117432 06:42:56 select(7, [3], [3], NULL, NULL) = 1 (out [3])
117432 06:42:56 clock_gettime(0x7 /* CLOCK_??? */, {36784, 293513007}) = 0
117432 06:42:56 write(3, "b\236\321\331\v\324;\267\267\320\225xTg\342X<\35\20KL\261\302\352N\331\203n\200\251\246\361"..., 384) = 384
117432 06:42:56 clock_gettime(0x7 /* CLOCK_??? */, {36784, 293913289}) = 0
117432 06:42:56 clock_gettime(0x7 /* CLOCK_??? */, {36784, 294204936}) = 0
117432 06:42:56 select(7, [3], [], NULL, NULL) = 1 (in [3])
117432 06:42:56 clock_gettime(0x7 /* CLOCK_??? */, {36784, 309714985}) = 0
117432 06:42:56 read(3, "\33at.S7v\255\16\10\233;xi\275\314o\262\330\24\336\213\246\256\226d\254\264\341?}\364"..., 8192) = 88
117432 06:42:56 clock_gettime(0x7 /* CLOCK_??? */, {36784, 309809457}) = 0
117432 06:42:56 clock_gettime(0x7 /* CLOCK_??? */, {36784, 309838753}) = 0
117432 06:42:56 select(7, [3 4], [], NULL, NULL) = 1 (in [3])
117432 06:42:56 clock_gettime(0x7 /* CLOCK_??? */, {36784, 310326783}) = 0
117432 06:42:56 read(3, "\342C\311\357\303-\205\362\265\340P\353\304|\303{ \206\5\22\242\360\315\346V J\242\350\267\24\v"..., 8192) = 88
117432 06:42:56 clock_gettime(0x7 /* CLOCK_??? */, {36784, 310518534}) = 0
117432 06:42:56 clock_gettime(0x7 /* CLOCK_??? */, {36784, 310552429}) = 0
117432 06:42:56 select(7, [3 4], [5], NULL, NULL) = 1 (out [5])
117432 06:42:56 clock_gettime(0x7 /* CLOCK_??? */, {36784, 310627235}) = 0
117432 06:42:56 write(5, "Last login: Wed Jul 11 14:22:41 "..., 59) = 59
117432 06:42:56 clock_gettime(0x7 /* CLOCK_??? */, {36784, 310762716}) = 0
117432 06:42:56 clock_gettime(0x7 /* CLOCK_??? */, {36784, 310783963}) = 0
117432 06:42:56 select(7, [3 4], [], NULL, NULL) = 1 (in [3])
117432 06:42:56 clock_gettime(0x7 /* CLOCK_??? */, {36784, 377612339}) = 0
117432 06:42:56 read(3, "5>#\307\1\277\274\221\217I\306p\306|\312\vP*\266m\365nD\262\304\320\351,\205\10\24B"..., 8192) = 112
117432 06:42:56 clock_gettime(0x7 /* CLOCK_??? */, {36784, 377743126}) = 0
117432 06:42:56 clock_gettime(0x7 /* CLOCK_??? */, {36784, 377761104}) = 0
117432 06:42:56 select(7, [3 4], [5], NULL, NULL) = 1 (out [5])
117432 06:42:56 clock_gettime(0x7 /* CLOCK_??? */, {36784, 377797215}) = 0
117432 06:42:56 write(5, "\33]0;root@ecdb:~\7\33[?1034h[root@ec"..., 39) = 39
117432 06:42:56 clock_gettime(0x7 /* CLOCK_??? */, {36784, 377880678}) = 0
117432 06:42:56 clock_gettime(0x7 /* CLOCK_??? */, {36784, 377894822}) = 0
117432 06:42:56 select(7, [3 4], [], NULL, NULL) = 1 (in [4])
117432 06:42:57 clock_gettime(0x7 /* CLOCK_??? */, {36785, 791002848}) = 0
117432 06:42:57 read(4, "e", 16384)     = 1
117432 06:42:57 clock_gettime(0x7 /* CLOCK_??? */, {36785, 791449650}) = 0
117432 06:42:57 clock_gettime(0x7 /* CLOCK_??? */, {36785, 791535835}) = 0
117432 06:42:57 select(7, [3 4], [3], NULL, NULL) = 1 (out [3])
117432 06:42:57 clock_gettime(0x7 /* CLOCK_??? */, {36785, 791743624}) = 0
117432 06:42:57 write(3, "K\371=2q\20\350\324;\23\305\"\25\236g\374\311aV\244d\5\342\250o\324\252C\240J^\207"..., 40) = 40
117432 06:42:57 clock_gettime(0x7 /* CLOCK_??? */, {36785, 792296493}) = 0
117432 06:42:57 clock_gettime(0x7 /* CLOCK_??? */, {36785, 792388735}) = 0
117432 06:42:57 select(7, [3 4], [], NULL, NULL) = 1 (in [3])
117432 06:42:57 clock_gettime(0x7 /* CLOCK_??? */, {36785, 809216455}) = 0
117432 06:42:57 read(3, "q\206\376\336\345\177\256!@\263\330w\22\270\6\234I6\17\305\231\324\273X\227\210\356\311;n\260\376"..., 8192) = 40
117432 06:42:57 clock_gettime(0x7 /* CLOCK_??? */, {36785, 809329628}) = 0
117432 06:42:57 clock_gettime(0x7 /* CLOCK_??? */, {36785, 809365104}) = 0
117432 06:42:57 select(7, [3 4], [5], NULL, NULL) = 1 (out [5])
117432 06:42:57 clock_gettime(0x7 /* CLOCK_??? */, {36785, 809450952}) = 0
117432 06:42:57 write(5, "e", 1)        = 1
117432 06:42:57 clock_gettime(0x7 /* CLOCK_??? */, {36785, 809598117}) = 0
117432 06:42:57 clock_gettime(0x7 /* CLOCK_??? */, {36785, 809633050}) = 0
117432 06:42:57 select(7, [3 4], [], NULL, NULL) = 1 (in [4])
117432 06:42:57 clock_gettime(0x7 /* CLOCK_??? */, {36786, 24650211}) = 0
117432 06:42:57 read(4, "x", 16384)     = 1
117432 06:42:57 clock_gettime(0x7 /* CLOCK_??? */, {36786, 24938808}) = 0
117432 06:42:57 clock_gettime(0x7 /* CLOCK_??? */, {36786, 25357590}) = 0
117432 06:42:57 select(7, [3 4], [3], NULL, NULL) = 1 (out [3])
117432 06:42:57 clock_gettime(0x7 /* CLOCK_??? */, {36786, 25581718}) = 0
117432 06:42:57 write(3, "\316\236\301\25\366\211IL|B\203A\325W\331#!)\37;U1\333\334\360;\201\235f\315+\322"..., 40) = 40
117432 06:42:57 clock_gettime(0x7 /* CLOCK_??? */, {36786, 26169252}) = 0
117432 06:42:57 clock_gettime(0x7 /* CLOCK_??? */, {36786, 26266651}) = 0
117432 06:42:57 select(7, [3 4], [], NULL, NULL) = 1 (in [3])
117432 06:42:57 clock_gettime(0x7 /* CLOCK_??? */, {36786, 39767533}) = 0
117432 06:42:57 read(3, "\265T\203?\201\36z\340\201Q^\365\320\25\353\26o \273&\243QB\347\204\345M@\336(\262."..., 8192) = 40
117432 06:42:57 clock_gettime(0x7 /* CLOCK_??? */, {36786, 39936671}) = 0
117432 06:42:57 clock_gettime(0x7 /* CLOCK_??? */, {36786, 40119752}) = 0
117432 06:42:57 select(7, [3 4], [5], NULL, NULL) = 1 (out [5])
117432 06:42:57 clock_gettime(0x7 /* CLOCK_??? */, {36786, 40352764}) = 0
117432 06:42:57 write(5, "x", 1)        = 1
117432 06:42:57 clock_gettime(0x7 /* CLOCK_??? */, {36786, 40570280}) = 0
117432 06:42:57 clock_gettime(0x7 /* CLOCK_??? */, {36786, 40648408}) = 0
117432 06:42:57 select(7, [3 4], [], NULL, NULL) = 1 (in [4])
117432 06:42:57 clock_gettime(0x7 /* CLOCK_??? */, {36786, 168200913}) = 0
117432 06:42:57 read(4, "i", 16384)     = 1
117432 06:42:57 clock_gettime(0x7 /* CLOCK_??? */, {36786, 168413989}) = 0
117432 06:42:57 clock_gettime(0x7 /* CLOCK_??? */, {36786, 168484543}) = 0
117432 06:42:57 select(7, [3 4], [3], NULL, NULL) = 1 (out [3])
117432 06:42:57 clock_gettime(0x7 /* CLOCK_??? */, {36786, 168654519}) = 0
117432 06:42:57 write(3, "\305\26k\34\nR\274W\250\324\344qHZ4\374(\347\303&\320%\366\354\344h9M\2)P\243"..., 40) = 40
117432 06:42:57 clock_gettime(0x7 /* CLOCK_??? */, {36786, 169144662}) = 0
117432 06:42:57 clock_gettime(0x7 /* CLOCK_??? */, {36786, 169222986}) = 0
117432 06:42:57 select(7, [3 4], [], NULL, NULL) = 1 (in [3])
117432 06:42:57 clock_gettime(0x7 /* CLOCK_??? */, {36786, 187729115}) = 0
117432 06:42:57 read(3, "!#6z\0247\312YiQ\272\3304H4\37\34'\3253\307\311eL\326\274s{Z\3401,"..., 8192) = 40
117432 06:42:57 clock_gettime(0x7 /* CLOCK_??? */, {36786, 187868058}) = 0
117432 06:42:57 clock_gettime(0x7 /* CLOCK_??? */, {36786, 187912280}) = 0
117432 06:42:57 select(7, [3 4], [5], NULL, NULL) = 1 (out [5])
117432 06:42:57 clock_gettime(0x7 /* CLOCK_??? */, {36786, 188017861}) = 0
117432 06:42:57 write(5, "i", 1)        = 1
117432 06:42:57 clock_gettime(0x7 /* CLOCK_??? */, {36786, 188222336}) = 0
117432 06:42:57 clock_gettime(0x7 /* CLOCK_??? */, {36786, 188264513}) = 0
117432 06:42:57 select(7, [3 4], [], NULL, NULL) = 1 (in [4])
117432 06:42:58 clock_gettime(0x7 /* CLOCK_??? */, {36786, 389801236}) = 0
117432 06:42:58 read(4, "t", 16384)     = 1
117432 06:42:58 clock_gettime(0x7 /* CLOCK_??? */, {36786, 390199536}) = 0
117432 06:42:58 clock_gettime(0x7 /* CLOCK_??? */, {36786, 390268999}) = 0
117432 06:42:58 select(7, [3 4], [3], NULL, NULL) = 1 (out [3])
117432 06:42:58 clock_gettime(0x7 /* CLOCK_??? */, {36786, 390418738}) = 0
117432 06:42:58 write(3, "2\25\247\211\315\275\306\351\3\336=\204\313wm{Y\272\300f\242\272\362\325\224\365t\247\374\217\326\257"..., 40) = 40
117432 06:42:58 clock_gettime(0x7 /* CLOCK_??? */, {36786, 390769935}) = 0
117432 06:42:58 clock_gettime(0x7 /* CLOCK_??? */, {36786, 390833276}) = 0
117432 06:42:58 select(7, [3 4], [], NULL, NULL) = 1 (in [3])
117432 06:42:58 clock_gettime(0x7 /* CLOCK_??? */, {36786, 403956365}) = 0
117432 06:42:58 read(3, "\366\357\252I{\357u|\256\262\310ra)\224\321\325\263Q\254\374&1\341\177\307\307k\350\206?U"..., 8192) = 40
117432 06:42:58 clock_gettime(0x7 /* CLOCK_??? */, {36786, 404254244}) = 0
117432 06:42:58 clock_gettime(0x7 /* CLOCK_??? */, {36786, 404315986}) = 0
117432 06:42:58 select(7, [3 4], [5], NULL, NULL) = 1 (out [5])
117432 06:42:58 clock_gettime(0x7 /* CLOCK_??? */, {36786, 404463936}) = 0
117432 06:42:58 write(5, "t", 1)        = 1
117432 06:42:58 clock_gettime(0x7 /* CLOCK_??? */, {36786, 404644168}) = 0
117432 06:42:58 clock_gettime(0x7 /* CLOCK_??? */, {36786, 404703089}) = 0
117432 06:42:58 select(7, [3 4], [], NULL, NULL) = 1 (in [4])
117432 06:42:58 clock_gettime(0x7 /* CLOCK_??? */, {36786, 861774190}) = 0
117432 06:42:58 read(4, "\r", 16384)    = 1
117432 06:42:58 clock_gettime(0x7 /* CLOCK_??? */, {36786, 862162577}) = 0
117432 06:42:58 clock_gettime(0x7 /* CLOCK_??? */, {36786, 862258218}) = 0
117432 06:42:58 select(7, [3 4], [3], NULL, NULL) = 1 (out [3])
117432 06:42:58 clock_gettime(0x7 /* CLOCK_??? */, {36786, 862467012}) = 0
117432 06:42:58 write(3, "\202\3530\342\312\255\33\30\247\254\343Y\364\333\3374\313-\217\256P\224\f\370l\300\255\357y\377\273;"..., 40) = 40
117432 06:42:58 clock_gettime(0x7 /* CLOCK_??? */, {36786, 862939132}) = 0
117432 06:42:58 clock_gettime(0x7 /* CLOCK_??? */, {36786, 863155680}) = 0
117432 06:42:58 select(7, [3 4], [], NULL, NULL) = 1 (in [3])
117432 06:42:58 clock_gettime(0x7 /* CLOCK_??? */, {36786, 879680671}) = 0
117432 06:42:58 read(3, "\7s\325>\2539R\335\266{\240'Pv\16g\246\23\3246\342\332\223s\3W\264\271\t\326\321g"..., 8192) = 200
117432 06:42:58 close(4)                = 0
117432 06:42:58 clock_gettime(0x7 /* CLOCK_??? */, {36786, 880153635}) = 0
117432 06:42:58 clock_gettime(0x7 /* CLOCK_??? */, {36786, 880271010}) = 0
117432 06:42:58 select(7, [3], [5], NULL, NULL) = 1 (out [5])
117432 06:42:58 clock_gettime(0x7 /* CLOCK_??? */, {36786, 880448621}) = 0
117432 06:42:58 write(5, "\r\nlogout\r\n", 10) = 10
117432 06:42:58 clock_gettime(0x7 /* CLOCK_??? */, {36786, 880609881}) = 0
117432 06:42:58 clock_gettime(0x7 /* CLOCK_??? */, {36786, 880677928}) = 0
117432 06:42:58 close(5)                = 0
117432 06:42:58 ioctl(0, SNDCTL_TMR_STOP or SNDRV_TIMER_IOCTL_GINFO or TCSETSW, {B38400 opost isig icanon echo ...}) = 0
117432 06:42:58 close(6)                = 0
117432 06:42:58 select(7, [3], [3], NULL, NULL) = 1 (out [3])
117432 06:42:58 clock_gettime(0x7 /* CLOCK_??? */, {36786, 881250617}) = 0
117432 06:42:58 write(3, "\345\367\227\235\325w\300\370\21(\353\261\354\211\22F\31\270\203\304v\240jq", 24) = 24
117432 06:42:58 rt_sigaction(SIGWINCH, NULL, {0x7fd49ebecc50, [], SA_RESTORER, 0x7fd49d75c250}, 8) = 0
117432 06:42:58 rt_sigaction(SIGWINCH, {SIG_DFL, [], SA_RESTORER, 0x7fd49d75c250}, NULL, 8) = 0
117432 06:42:58 write(3, "tZkT\247\326\323C\24\371a\224\35Q\33d\\\221\206/i\364q\267\334\266\321\266\202\344n\270"..., 56) = 56
117432 06:42:58 ioctl(0, SNDCTL_TMR_TIMEBASE or SNDRV_TIMER_IOCTL_NEXT_DEVICE or TCGETS, {B38400 opost isig icanon echo ...}) = 0
117432 06:42:58 ioctl(1, SNDCTL_TMR_TIMEBASE or SNDRV_TIMER_IOCTL_NEXT_DEVICE or TCGETS, {B38400 opost isig icanon echo ...}) = 0
117432 06:42:58 ioctl(2, SNDCTL_TMR_TIMEBASE or SNDRV_TIMER_IOCTL_NEXT_DEVICE or TCGETS, {B38400 opost isig icanon echo ...}) = 0
117432 06:42:58 write(2, "Connection to 172.16.22.1 closed"..., 35) = 35
117432 06:42:58 shutdown(3, SHUT_RDWR)  = 0
117432 06:42:58 close(3)                = 0
117432 06:42:58 exit_group(0)           = ?
117432 06:42:58 +++ exited with 0 +++
