118979 08:03:33 read(3, "S", 1)         = 1
118979 08:03:33 read(3, "S", 1)         = 1
118979 08:03:33 read(3, "H", 1)         = 1
118979 08:03:33 read(3, "-", 1)         = 1
118979 08:03:33 read(3, "2", 1)         = 1
118979 08:03:33 read(3, ".", 1)         = 1
118979 08:03:33 read(3, "0", 1)         = 1
118979 08:03:33 read(3, "-", 1)         = 1
118979 08:03:33 read(3, "O", 1)         = 1
118979 08:03:33 read(3, "p", 1)         = 1
118979 08:03:33 read(3, "e", 1)         = 1
118979 08:03:33 read(3, "n", 1)         = 1
118979 08:03:33 read(3, "S", 1)         = 1
118979 08:03:33 read(3, "S", 1)         = 1
118979 08:03:33 read(3, "H", 1)         = 1
118979 08:03:33 read(3, "_", 1)         = 1
118979 08:03:33 read(3, "5", 1)         = 1
118979 08:03:33 read(3, ".", 1)         = 1
118979 08:03:33 read(3, "3", 1)         = 1
118979 08:03:33 read(3, "\r", 1)        = 1
118979 08:03:33 read(3, "\n", 1)        = 1
118979 08:03:33 fcntl(3, F_GETFL)       = 0x2 (flags O_RDWR)
118979 08:03:33 fcntl(3, F_SETFL, O_RDWR|O_NONBLOCK) = 0
118979 08:03:33 open("/root/.ssh/known_hosts", O_RDONLY) = 4
118979 08:03:33 fstat(4, {st_mode=S_IFREG|0644, st_size=788, ...}) = 0
118979 08:03:33 mmap(NULL, 4096, PROT_READ|PROT_WRITE, MAP_PRIVATE|MAP_ANONYMOUS, -1, 0) = 0x7f0c17e50000
118979 08:03:33 read(4, "172.16.22.1 ssh-rsa AAAAB3NzaC1y"..., 4096) = 788
118979 08:03:33 read(4, "", 4096)       = 0
118979 08:03:33 close(4)                = 0
118979 08:03:33 munmap(0x7f0c17e50000, 4096) = 0
118979 08:03:33 open("/root/.ssh/known_hosts2", O_RDONLY) = -1 ENOENT (No such file or directory)
118979 08:03:33 open("/usr/local/openssh/etc/ssh_known_hosts", O_RDONLY) = -1 ENOENT (No such file or directory)
118979 08:03:33 open("/usr/local/openssh/etc/ssh_known_hosts2", O_RDONLY) = -1 ENOENT (No such file or directory)
118979 08:03:33 brk(0)                  = 0x7f0c199a9000
118979 08:03:33 brk(0x7f0c199ca000)     = 0x7f0c199ca000
118979 08:03:33 write(3, "\0\0\5\224\v\24\26L\234-_6:\343mu\231_\n\323\333\316\0\0\0010curve2"..., 1432) = 1432
118979 08:03:33 select(4, [3], NULL, NULL, NULL) = 1 (in [3])
118979 08:03:33 read(3, "\0\0\3D\n\0242q\204\350\37\224\315L\311\232X\216u\r<\220\0\0\0~diffie"..., 8192) = 840
118979 08:03:33 write(3, "\0\0\0\24\6\"\0\0\10\0\0\0\f\0\0\0 \0\0\0\0\0\0\0", 24) = 24
118979 08:03:33 select(4, [3], NULL, NULL, NULL) = 1 (in [3])
118979 08:03:33 read(3, "\0\0\1\224\10\37\0\0\1\201\0\323#\r#ur\354\351\371#Xq^\272\303\244\330\237-kM"..., 8192) = 408
118979 08:03:33 write(3, "\0\0\1\214\6 \0\0\1\200G\370\353\256\346\317\367\321x#\202(X7\230\r\376A\36T\351\324"..., 400) = 400
118979 08:03:33 select(4, [3], NULL, NULL, NULL) = 1 (in [3])
118979 08:03:33 read(3, "\0\0\3\274\t!\0\0\1\25\0\0\0\7ssh-rsa\0\0\0\1#\0\0\1\1\0\267"..., 8192) = 976
118979 08:03:33 open("/root/.ssh/known_hosts", O_RDONLY) = 4
118979 08:03:33 fstat(4, {st_mode=S_IFREG|0644, st_size=788, ...}) = 0
118979 08:03:33 mmap(NULL, 4096, PROT_READ|PROT_WRITE, MAP_PRIVATE|MAP_ANONYMOUS, -1, 0) = 0x7f0c17e50000
118979 08:03:33 read(4, "172.16.22.1 ssh-rsa AAAAB3NzaC1y"..., 4096) = 788
118979 08:03:33 read(4, "", 4096)       = 0
118979 08:03:33 close(4)                = 0
118979 08:03:33 munmap(0x7f0c17e50000, 4096) = 0
118979 08:03:33 open("/root/.ssh/known_hosts2", O_RDONLY) = -1 ENOENT (No such file or directory)
118979 08:03:33 open("/usr/local/openssh/etc/ssh_known_hosts", O_RDONLY) = -1 ENOENT (No such file or directory)
118979 08:03:33 open("/usr/local/openssh/etc/ssh_known_hosts2", O_RDONLY) = -1 ENOENT (No such file or directory)
118979 08:03:33 clock_gettime(0x7 /* CLOCK_??? */, {41621, 689920181}) = 0
118979 08:03:33 write(3, "\0\0\0\f\n\25\0\0\0\0\0\0\0\0\0\0", 16) = 16
118979 08:03:33 socket(PF_LOCAL, SOCK_STREAM, 0) = 4
118979 08:03:33 fcntl(4, F_SETFD, FD_CLOEXEC) = 0
118979 08:03:33 connect(4, {sa_family=AF_LOCAL, sun_path="/run/user/1000/keyring/ssh"}, 110) = -1 ENOENT (No such file or directory)
118979 08:03:33 close(4)                = 0
118979 08:03:33 write(3, "\257\335\200\306d\232KZ^\355\1\327\233MxJ\344w\257\364U\3\243SP\v\210\304\v\313\330q"..., 40) = 40
118979 08:03:33 select(4, [3], NULL, NULL, NULL) = 1 (in [3])
118979 08:03:33 read(3, "\356>\203\17X\363\272\20\6z\"b\225\343\30\357\t\246%\203&\307.)\343-\340\236;\367\362f"..., 8192) = 40
118979 08:03:33 write(3, "\262\216z\312\1bv*\21\331a\335\223\312\234\3025UN\370\247#\206\274\351\352l\210\206j\345\204"..., 56) = 56
118979 08:03:33 select(4, [3], NULL, NULL, NULL) = 1 (in [3])
118979 08:03:41 read(3, "\206\373\233%$8\252\305p\177\355w\t[-\262\312e@H\231\25%\23\227\370\270\375EW\7\36"..., 8192) = 72
118979 08:03:41 stat("/root/.ssh/id_rsa", 0x7ffcb4a9c4f0) = -1 ENOENT (No such file or directory)
118979 08:03:41 stat("/root/.ssh/id_dsa", 0x7ffcb4a9c4f0) = -1 ENOENT (No such file or directory)
118979 08:03:41 stat("/root/.ssh/id_ecdsa", 0x7ffcb4a9c4f0) = -1 ENOENT (No such file or directory)
118979 08:03:41 stat("/root/.ssh/id_ed25519", 0x7ffcb4a9c4f0) = -1 ENOENT (No such file or directory)
118979 08:03:41 open("/dev/tty", O_RDWR) = 4
118979 08:03:41 close(4)                = 0
118979 08:03:41 open("/dev/tty", O_RDWR) = 4
118979 08:03:41 ioctl(4, SNDCTL_TMR_TIMEBASE or SNDRV_TIMER_IOCTL_NEXT_DEVICE or TCGETS, {B38400 opost isig icanon echo ...}) = 0
118979 08:03:41 ioctl(4, SNDCTL_TMR_CONTINUE or SNDRV_TIMER_IOCTL_GPARAMS or TCSETSF, {B38400 opost isig icanon -echo ...}) = 0
118979 08:03:41 rt_sigaction(SIGALRM, {0x7f0c17ec00a0, [], SA_RESTORER, 0x7f0c169d8250}, {SIG_DFL, [], 0}, 8) = 0
118979 08:03:41 rt_sigaction(SIGHUP, {0x7f0c17ec00a0, [], SA_RESTORER, 0x7f0c169d8250}, {SIG_DFL, [], 0}, 8) = 0
118979 08:03:41 rt_sigaction(SIGINT, {0x7f0c17ec00a0, [], SA_RESTORER, 0x7f0c169d8250}, {SIG_DFL, [], 0}, 8) = 0
118979 08:03:41 rt_sigaction(SIGPIPE, {0x7f0c17ec00a0, [], SA_RESTORER, 0x7f0c169d8250}, {SIG_IGN, [], SA_RESTORER, 0x7f0c169d8250}, 8) = 0
118979 08:03:41 rt_sigaction(SIGQUIT, {0x7f0c17ec00a0, [], SA_RESTORER, 0x7f0c169d8250}, {SIG_DFL, [], 0}, 8) = 0
118979 08:03:41 rt_sigaction(SIGTERM, {0x7f0c17ec00a0, [], SA_RESTORER, 0x7f0c169d8250}, {SIG_DFL, [], 0}, 8) = 0
118979 08:03:41 rt_sigaction(SIGTSTP, {0x7f0c17ec00a0, [], SA_RESTORER, 0x7f0c169d8250}, {SIG_DFL, [], 0}, 8) = 0
118979 08:03:41 rt_sigaction(SIGTTIN, {0x7f0c17ec00a0, [], SA_RESTORER, 0x7f0c169d8250}, {SIG_DFL, [], 0}, 8) = 0
118979 08:03:41 rt_sigaction(SIGTTOU, {0x7f0c17ec00a0, [], SA_RESTORER, 0x7f0c169d8250}, {SIG_DFL, [], 0}, 8) = 0
118979 08:03:41 write(4, "root@172.16.22.1's password: ", 29) = 29
118979 08:03:41 read(4, "x", 1)         = 1
118979 08:03:41 read(4, "x", 1)         = 1
118979 08:03:41 read(4, "x", 1)         = 1
118979 08:03:41 read(4, "x", 1)         = 1
118979 08:03:41 read(4, "x", 1)         = 1
118979 08:03:41 read(4, "x", 1)         = 1
118979 08:03:41 read(4, "1", 1)         = 1
118979 08:03:41 read(4, "2", 1)         = 1
118979 08:03:41 read(4, "3", 1)         = 1
118979 08:03:41 read(4, "\n", 1)        = 1
118979 08:03:41 write(4, "\n", 1)       = 1
118979 08:03:41 ioctl(4, SNDCTL_TMR_CONTINUE or SNDRV_TIMER_IOCTL_GPARAMS or TCSETSF, {B38400 opost isig icanon echo ...}) = 0
118979 08:03:41 rt_sigaction(SIGALRM, {SIG_DFL, [], SA_RESTORER, 0x7f0c169d8250}, NULL, 8) = 0
118979 08:03:41 rt_sigaction(SIGHUP, {SIG_DFL, [], SA_RESTORER, 0x7f0c169d8250}, NULL, 8) = 0
118979 08:03:41 rt_sigaction(SIGINT, {SIG_DFL, [], SA_RESTORER, 0x7f0c169d8250}, NULL, 8) = 0
118979 08:03:41 rt_sigaction(SIGQUIT, {SIG_DFL, [], SA_RESTORER, 0x7f0c169d8250}, NULL, 8) = 0
118979 08:03:41 rt_sigaction(SIGPIPE, {SIG_IGN, [], SA_RESTORER, 0x7f0c169d8250}, NULL, 8) = 0
118979 08:03:41 rt_sigaction(SIGTERM, {SIG_DFL, [], SA_RESTORER, 0x7f0c169d8250}, NULL, 8) = 0
118979 08:03:41 rt_sigaction(SIGTSTP, {SIG_DFL, [], SA_RESTORER, 0x7f0c169d8250}, NULL, 8) = 0
118979 08:03:41 rt_sigaction(SIGTTIN, {SIG_DFL, [], SA_RESTORER, 0x7f0c169d8250}, NULL, 8) = 0
118979 08:03:41 rt_sigaction(SIGTTOU, {SIG_DFL, [], SA_RESTORER, 0x7f0c169d8250}, NULL, 8) = 0
118979 08:03:41 close(4)                = 0
118979 08:03:41 write(3, "!{,u\355< >\266k\217\347\220s\226\365\33\27#\372\2604\230(q\257\336\0057l\213d"..., 136) = 136
118979 08:03:41 select(4, [3], NULL, NULL, NULL) = 1 (in [3])
118979 08:03:41 read(3, "G.\316\276\23\352\337\t\215\266\307l\340=\235\350\375\261<\2353\\&\261", 8192) = 24
118979 08:03:41 dup(0)                  = 4
118979 08:03:41 dup(1)                  = 5
118979 08:03:41 dup(2)                  = 6
118979 08:03:41 ioctl(4, SNDCTL_TMR_TIMEBASE or SNDRV_TIMER_IOCTL_NEXT_DEVICE or TCGETS, {B38400 opost isig icanon echo ...}) = 0
118979 08:03:41 ioctl(5, SNDCTL_TMR_TIMEBASE or SNDRV_TIMER_IOCTL_NEXT_DEVICE or TCGETS, {B38400 opost isig icanon echo ...}) = 0
118979 08:03:41 ioctl(6, SNDCTL_TMR_TIMEBASE or SNDRV_TIMER_IOCTL_NEXT_DEVICE or TCGETS, {B38400 opost isig icanon echo ...}) = 0
118979 08:03:41 fcntl(4, F_SETFD, FD_CLOEXEC) = 0
118979 08:03:41 fcntl(5, F_SETFD, FD_CLOEXEC) = 0
118979 08:03:41 fcntl(6, F_SETFD, FD_CLOEXEC) = 0
118979 08:03:41 rt_sigaction(SIGHUP, NULL, {SIG_DFL, [], SA_RESTORER, 0x7f0c169d8250}, 8) = 0
118979 08:03:41 rt_sigaction(SIGHUP, {SIG_IGN, [], SA_RESTORER, 0x7f0c169d8250}, NULL, 8) = 0
118979 08:03:41 rt_sigaction(SIGHUP, NULL, {SIG_IGN, [], SA_RESTORER, 0x7f0c169d8250}, 8) = 0
118979 08:03:41 rt_sigaction(SIGHUP, {0x7f0c17e689c0, [], SA_RESTORER, 0x7f0c169d8250}, NULL, 8) = 0
118979 08:03:41 rt_sigaction(SIGINT, NULL, {SIG_DFL, [], SA_RESTORER, 0x7f0c169d8250}, 8) = 0
118979 08:03:41 rt_sigaction(SIGINT, {SIG_IGN, [], SA_RESTORER, 0x7f0c169d8250}, NULL, 8) = 0
118979 08:03:41 rt_sigaction(SIGINT, NULL, {SIG_IGN, [], SA_RESTORER, 0x7f0c169d8250}, 8) = 0
118979 08:03:41 rt_sigaction(SIGINT, {0x7f0c17e689c0, [], SA_RESTORER, 0x7f0c169d8250}, NULL, 8) = 0
118979 08:03:41 rt_sigaction(SIGQUIT, NULL, {SIG_DFL, [], SA_RESTORER, 0x7f0c169d8250}, 8) = 0
118979 08:03:41 rt_sigaction(SIGQUIT, {SIG_IGN, [], SA_RESTORER, 0x7f0c169d8250}, NULL, 8) = 0
118979 08:03:41 rt_sigaction(SIGQUIT, NULL, {SIG_IGN, [], SA_RESTORER, 0x7f0c169d8250}, 8) = 0
118979 08:03:41 rt_sigaction(SIGQUIT, {0x7f0c17e689c0, [], SA_RESTORER, 0x7f0c169d8250}, NULL, 8) = 0
118979 08:03:41 rt_sigaction(SIGTERM, NULL, {SIG_DFL, [], SA_RESTORER, 0x7f0c169d8250}, 8) = 0
118979 08:03:41 rt_sigaction(SIGTERM, {SIG_IGN, [], SA_RESTORER, 0x7f0c169d8250}, NULL, 8) = 0
118979 08:03:41 rt_sigaction(SIGTERM, NULL, {SIG_IGN, [], SA_RESTORER, 0x7f0c169d8250}, 8) = 0
118979 08:03:41 rt_sigaction(SIGTERM, {0x7f0c17e689c0, [], SA_RESTORER, 0x7f0c169d8250}, NULL, 8) = 0
118979 08:03:41 rt_sigaction(SIGWINCH, NULL, {SIG_DFL, [], 0}, 8) = 0
118979 08:03:41 rt_sigaction(SIGWINCH, {0x7f0c17e68c50, [], SA_RESTORER, 0x7f0c169d8250}, NULL, 8) = 0
118979 08:03:41 ioctl(0, SNDCTL_TMR_TIMEBASE or SNDRV_TIMER_IOCTL_NEXT_DEVICE or TCGETS, {B38400 opost isig icanon echo ...}) = 0
118979 08:03:41 ioctl(0, SNDCTL_TMR_STOP or SNDRV_TIMER_IOCTL_GINFO or TCSETSW, {B38400 -opost -isig -icanon -echo ...}) = 0
118979 08:03:41 clock_gettime(0x7 /* CLOCK_??? */, {41629, 884337553}) = 0
118979 08:03:41 clock_gettime(0x7 /* CLOCK_??? */, {41629, 884650533}) = 0
118979 08:03:41 select(7, [3], [3], NULL, NULL) = 1 (out [3])
118979 08:03:41 clock_gettime(0x7 /* CLOCK_??? */, {41629, 884849879}) = 0
118979 08:03:41 write(3, "D\3L\4\317\307\r\346\266\225-E\30\371\343\4G\317?aM\225NtBr\37k\243\nv{"..., 112) = 112
118979 08:03:41 clock_gettime(0x7 /* CLOCK_??? */, {41629, 885551576}) = 0
118979 08:03:41 clock_gettime(0x7 /* CLOCK_??? */, {41629, 885700419}) = 0
118979 08:03:41 select(7, [3], [], NULL, NULL) = 1 (in [3])
118979 08:03:41 clock_gettime(0x7 /* CLOCK_??? */, {41629, 910652286}) = 0
118979 08:03:41 read(3, "\277:9\342kg|\276;b\306j\271\242\200\323hb\234k\334\2240vV\363\341\340Y\376\311c"..., 8192) = 40
118979 08:03:41 getsockopt(3, SOL_TCP, TCP_NODELAY, [0], [4]) = 0
118979 08:03:41 setsockopt(3, SOL_TCP, TCP_NODELAY, [1], 4) = 0
118979 08:03:41 getsockname(3, {sa_family=AF_INET, sin_port=htons(33912), sin_addr=inet_addr("192.168.226.134")}, [16]) = 0
118979 08:03:41 setsockopt(3, SOL_IP, IP_TOS, [16], 4) = 0
118979 08:03:41 ioctl(0, TIOCGWINSZ, {ws_row=24, ws_col=80, ws_xpixel=0, ws_ypixel=0}) = 0
118979 08:03:41 clock_gettime(0x7 /* CLOCK_??? */, {41629, 911529166}) = 0
118979 08:03:41 clock_gettime(0x7 /* CLOCK_??? */, {41629, 911624698}) = 0
118979 08:03:41 select(7, [3], [3], NULL, NULL) = 1 (out [3])
118979 08:03:41 clock_gettime(0x7 /* CLOCK_??? */, {41629, 911775714}) = 0
118979 08:03:41 write(3, "\rb\22\373\7\326\210\v\274Q\"x\"\n\363\261\352\200\4\4\22%\377!\313\343\34\222\331GUa"..., 384) = 384
118979 08:03:41 clock_gettime(0x7 /* CLOCK_??? */, {41629, 912119866}) = 0
118979 08:03:41 clock_gettime(0x7 /* CLOCK_??? */, {41629, 912185608}) = 0
118979 08:03:41 select(7, [3], [], NULL, NULL) = 1 (in [3])
118979 08:03:41 clock_gettime(0x7 /* CLOCK_??? */, {41629, 942210580}) = 0
118979 08:03:41 read(3, "\23\22\320\313J\252yP\252\357=\214#\262\0044\36\201\301\370\307O\375H\202\26\301\350\211g\272\355"..., 8192) = 176
118979 08:03:41 clock_gettime(0x7 /* CLOCK_??? */, {41629, 942597274}) = 0
118979 08:03:41 clock_gettime(0x7 /* CLOCK_??? */, {41629, 942663143}) = 0
118979 08:03:41 select(7, [3 4], [5], NULL, NULL) = 1 (out [5])
118979 08:03:41 clock_gettime(0x7 /* CLOCK_??? */, {41629, 942819578}) = 0
118979 08:03:41 write(5, "Last login: Wed Jul 11 15:18:16 "..., 59) = 59
118979 08:03:41 clock_gettime(0x7 /* CLOCK_??? */, {41629, 943123058}) = 0
118979 08:03:41 clock_gettime(0x7 /* CLOCK_??? */, {41629, 943184863}) = 0
118979 08:03:41 select(7, [3 4], [], NULL, NULL) = 1 (in [3])
118979 08:03:41 clock_gettime(0x7 /* CLOCK_??? */, {41630, 12788823}) = 0
118979 08:03:41 read(3, "\10\364(\234\374\223\2776A\263\350\243\255R\370\30\261C\255r\204*\32=g\271\t[\30\32611"..., 8192) = 72
118979 08:03:41 clock_gettime(0x7 /* CLOCK_??? */, {41630, 12887225}) = 0
118979 08:03:41 clock_gettime(0x7 /* CLOCK_??? */, {41630, 12917016}) = 0
118979 08:03:41 select(7, [3 4], [5], NULL, NULL) = 1 (out [5])
118979 08:03:41 clock_gettime(0x7 /* CLOCK_??? */, {41630, 12993872}) = 0
118979 08:03:41 write(5, "\33]0;root@ecdb:~\7\33[?1034h[root@ec"..., 39) = 39
118979 08:03:41 clock_gettime(0x7 /* CLOCK_??? */, {41630, 13159262}) = 0
118979 08:03:41 clock_gettime(0x7 /* CLOCK_??? */, {41630, 13188002}) = 0
118979 08:03:41 select(7, [3 4], [], NULL, NULL) = 1 (in [4])
118979 08:03:43 clock_gettime(0x7 /* CLOCK_??? */, {41632, 131944329}) = 0
118979 08:03:43 read(4, "l", 16384)     = 1
118979 08:03:43 clock_gettime(0x7 /* CLOCK_??? */, {41632, 132401595}) = 0
118979 08:03:43 clock_gettime(0x7 /* CLOCK_??? */, {41632, 132562103}) = 0
118979 08:03:43 select(7, [3 4], [3], NULL, NULL) = 1 (out [3])
118979 08:03:43 clock_gettime(0x7 /* CLOCK_??? */, {41632, 132741448}) = 0
118979 08:03:43 write(3, "\334&\217\35\6\232\312\t\"/\371\315\360\357\264\376\373\321h#\36V\271\264\35\244~\365#\354\377\241"..., 40) = 40
118979 08:03:43 clock_gettime(0x7 /* CLOCK_??? */, {41632, 133137068}) = 0
118979 08:03:43 clock_gettime(0x7 /* CLOCK_??? */, {41632, 133211482}) = 0
118979 08:03:43 select(7, [3 4], [], NULL, NULL) = 1 (in [3])
118979 08:03:43 clock_gettime(0x7 /* CLOCK_??? */, {41632, 170679829}) = 0
118979 08:03:43 read(3, "\\\337\222W\371\365L\234\221\260\37\226-]1\367\374-\263\30\303\335\2755\24\16\34346\242\27\31"..., 8192) = 40
118979 08:03:43 clock_gettime(0x7 /* CLOCK_??? */, {41632, 170768349}) = 0
118979 08:03:43 clock_gettime(0x7 /* CLOCK_??? */, {41632, 170796942}) = 0
118979 08:03:43 select(7, [3 4], [5], NULL, NULL) = 1 (out [5])
118979 08:03:43 clock_gettime(0x7 /* CLOCK_??? */, {41632, 170865223}) = 0
118979 08:03:43 write(5, "l", 1)        = 1
118979 08:03:43 clock_gettime(0x7 /* CLOCK_??? */, {41632, 171020098}) = 0
118979 08:03:43 clock_gettime(0x7 /* CLOCK_??? */, {41632, 171049045}) = 0
118979 08:03:43 select(7, [3 4], [], NULL, NULL) = 1 (in [4])
118979 08:03:44 clock_gettime(0x7 /* CLOCK_??? */, {41632, 232440324}) = 0
118979 08:03:44 read(4, "s", 16384)     = 1
118979 08:03:44 clock_gettime(0x7 /* CLOCK_??? */, {41632, 232584690}) = 0
118979 08:03:44 clock_gettime(0x7 /* CLOCK_??? */, {41632, 232627893}) = 0
118979 08:03:44 select(7, [3 4], [3], NULL, NULL) = 1 (out [3])
118979 08:03:44 clock_gettime(0x7 /* CLOCK_??? */, {41632, 232730673}) = 0
118979 08:03:44 write(3, "R+\353\352\325<\301\234v\324\342\24\236\364\245\315#{\303\331\n\376\317\311a\357\365\34\304-\200s"..., 40) = 40
118979 08:03:44 clock_gettime(0x7 /* CLOCK_??? */, {41632, 233056730}) = 0
118979 08:03:44 clock_gettime(0x7 /* CLOCK_??? */, {41632, 233104930}) = 0
118979 08:03:44 select(7, [3 4], [], NULL, NULL) = 1 (in [3])
118979 08:03:44 clock_gettime(0x7 /* CLOCK_??? */, {41632, 250228253}) = 0
118979 08:03:44 read(3, "\326\312cz\260\21\260\356\351{\374V\271\373\330we^X\222'<t\t\310\306\23[\204\200L\272"..., 8192) = 40
118979 08:03:44 clock_gettime(0x7 /* CLOCK_??? */, {41632, 250450996}) = 0
118979 08:03:44 clock_gettime(0x7 /* CLOCK_??? */, {41632, 250494468}) = 0
118979 08:03:44 select(7, [3 4], [5], NULL, NULL) = 1 (out [5])
118979 08:03:44 clock_gettime(0x7 /* CLOCK_??? */, {41632, 250601804}) = 0
118979 08:03:44 write(5, "s", 1)        = 1
118979 08:03:44 clock_gettime(0x7 /* CLOCK_??? */, {41632, 250708512}) = 0
118979 08:03:44 clock_gettime(0x7 /* CLOCK_??? */, {41632, 250750518}) = 0
118979 08:03:44 select(7, [3 4], [], NULL, NULL) = 1 (in [4])
118979 08:03:44 clock_gettime(0x7 /* CLOCK_??? */, {41633, 152975309}) = 0
118979 08:03:44 read(4, "\r", 16384)    = 1
118979 08:03:44 clock_gettime(0x7 /* CLOCK_??? */, {41633, 153079178}) = 0
118979 08:03:44 clock_gettime(0x7 /* CLOCK_??? */, {41633, 153112330}) = 0
118979 08:03:44 select(7, [3 4], [3], NULL, NULL) = 1 (out [3])
118979 08:03:44 clock_gettime(0x7 /* CLOCK_??? */, {41633, 153189689}) = 0
118979 08:03:44 write(3, "\311x\346\224iu\324`Ol\377\313\225\0268\21~\323\204\331\f\377\217,un\37\372q\224\350H"..., 40) = 40
118979 08:03:44 clock_gettime(0x7 /* CLOCK_??? */, {41633, 153490051}) = 0
118979 08:03:44 clock_gettime(0x7 /* CLOCK_??? */, {41633, 153638470}) = 0
118979 08:03:44 select(7, [3 4], [], NULL, NULL) = 1 (in [3])
118979 08:03:44 clock_gettime(0x7 /* CLOCK_??? */, {41633, 169487998}) = 0
118979 08:03:44 read(3, "1\207\263\370'\21\345\363\0\305\16\371\217p\323\324\342\3P\312F\242\245\315v\221\334\v,\10\225;"..., 8192) = 40
118979 08:03:44 clock_gettime(0x7 /* CLOCK_??? */, {41633, 169588605}) = 0
118979 08:03:44 clock_gettime(0x7 /* CLOCK_??? */, {41633, 169621843}) = 0
118979 08:03:44 select(7, [3 4], [5], NULL, NULL) = 1 (out [5])
118979 08:03:44 clock_gettime(0x7 /* CLOCK_??? */, {41633, 169700959}) = 0
118979 08:03:44 write(5, "\r\n", 2)     = 2
118979 08:03:44 clock_gettime(0x7 /* CLOCK_??? */, {41633, 169839056}) = 0
118979 08:03:44 clock_gettime(0x7 /* CLOCK_??? */, {41633, 169871862}) = 0
118979 08:03:44 select(7, [3 4], [], NULL, NULL) = 1 (in [3])
118979 08:03:44 clock_gettime(0x7 /* CLOCK_??? */, {41633, 180789371}) = 0
118979 08:03:44 read(3, "06\351\201\326\30\177\37TBLsD\34\22o\6\227+\241\227c>\364\370\301o6\233\365\353@"..., 8192) = 640
118979 08:03:44 clock_gettime(0x7 /* CLOCK_??? */, {41633, 180853251}) = 0
118979 08:03:44 clock_gettime(0x7 /* CLOCK_??? */, {41633, 180871039}) = 0
118979 08:03:44 select(7, [3 4], [5], NULL, NULL) = 1 (out [5])
118979 08:03:44 clock_gettime(0x7 /* CLOCK_??? */, {41633, 181745694}) = 0
118979 08:03:44 write(5, "appendonly_cmdb.aof  dump.rdb   "..., 560) = 560
118979 08:03:44 clock_gettime(0x7 /* CLOCK_??? */, {41633, 181802907}) = 0
118979 08:03:44 clock_gettime(0x7 /* CLOCK_??? */, {41633, 181820351}) = 0
118979 08:03:44 select(7, [3 4], [], NULL, NULL) = 1 (in [4])
118979 08:03:46 clock_gettime(0x7 /* CLOCK_??? */, {41634, 850699603}) = 0
118979 08:03:46 read(4, "d", 16384)     = 1
118979 08:03:46 clock_gettime(0x7 /* CLOCK_??? */, {41634, 850953466}) = 0
118979 08:03:46 clock_gettime(0x7 /* CLOCK_??? */, {41634, 851041131}) = 0
118979 08:03:46 select(7, [3 4], [3], NULL, NULL) = 1 (out [3])
118979 08:03:46 clock_gettime(0x7 /* CLOCK_??? */, {41634, 851347613}) = 0
118979 08:03:46 write(3, "\313\32\213\362z\243`\34!\263\371\342R\24\261\3405\256z!\265l\345\363\341\4\244\33BO\223\3"..., 40) = 40
118979 08:03:46 clock_gettime(0x7 /* CLOCK_??? */, {41634, 852460501}) = 0
118979 08:03:46 clock_gettime(0x7 /* CLOCK_??? */, {41634, 852555528}) = 0
118979 08:03:46 select(7, [3 4], [], NULL, NULL) = 1 (in [3])
118979 08:03:46 clock_gettime(0x7 /* CLOCK_??? */, {41634, 892307696}) = 0
118979 08:03:46 read(3, "\241\3260\221{du\361\305\250oa\246\377\244f\203\200\31\4\22\247\7\357t#\10c\301{Tq"..., 8192) = 40
118979 08:03:46 clock_gettime(0x7 /* CLOCK_??? */, {41634, 892566546}) = 0
118979 08:03:46 clock_gettime(0x7 /* CLOCK_??? */, {41634, 892640545}) = 0
118979 08:03:46 select(7, [3 4], [5], NULL, NULL) = 1 (out [5])
118979 08:03:46 clock_gettime(0x7 /* CLOCK_??? */, {41634, 892812824}) = 0
118979 08:03:46 write(5, "d", 1)        = 1
118979 08:03:46 clock_gettime(0x7 /* CLOCK_??? */, {41634, 892988153}) = 0
118979 08:03:46 clock_gettime(0x7 /* CLOCK_??? */, {41634, 893058194}) = 0
118979 08:03:46 select(7, [3 4], [], NULL, NULL) = 1 (in [4])
118979 08:03:46 clock_gettime(0x7 /* CLOCK_??? */, {41635, 77443679}) = 0
118979 08:03:46 read(4, "i", 16384)     = 1
118979 08:03:46 clock_gettime(0x7 /* CLOCK_??? */, {41635, 77662520}) = 0
118979 08:03:46 clock_gettime(0x7 /* CLOCK_??? */, {41635, 77733973}) = 0
118979 08:03:46 select(7, [3 4], [3], NULL, NULL) = 1 (out [3])
118979 08:03:46 clock_gettime(0x7 /* CLOCK_??? */, {41635, 77975605}) = 0
118979 08:03:46 write(3, "g\n\367\t\215JF].&t2X\343\300y\325mai\320\357\32\356\230%%\1\230\244\335\277"..., 40) = 40
118979 08:03:46 clock_gettime(0x7 /* CLOCK_??? */, {41635, 78869527}) = 0
118979 08:03:46 clock_gettime(0x7 /* CLOCK_??? */, {41635, 78951907}) = 0
118979 08:03:46 select(7, [3 4], [], NULL, NULL) = 1 (in [3])
118979 08:03:46 clock_gettime(0x7 /* CLOCK_??? */, {41635, 100115278}) = 0
118979 08:03:46 read(3, "\301\0332Dx\203\301\1yrSL\325M(}\211\3373z\234\262\352\311b\25\210\227d\261+\35"..., 8192) = 40
118979 08:03:46 clock_gettime(0x7 /* CLOCK_??? */, {41635, 100453412}) = 0
118979 08:03:46 clock_gettime(0x7 /* CLOCK_??? */, {41635, 100527170}) = 0
118979 08:03:46 select(7, [3 4], [5], NULL, NULL) = 1 (out [5])
118979 08:03:46 clock_gettime(0x7 /* CLOCK_??? */, {41635, 100699772}) = 0
118979 08:03:46 write(5, "i", 1)        = 1
118979 08:03:46 clock_gettime(0x7 /* CLOCK_??? */, {41635, 100874685}) = 0
118979 08:03:46 clock_gettime(0x7 /* CLOCK_??? */, {41635, 100943788}) = 0
118979 08:03:46 select(7, [3 4], [], NULL, NULL) = 1 (in [4])
118979 08:03:46 clock_gettime(0x7 /* CLOCK_??? */, {41635, 221514884}) = 0
118979 08:03:46 read(4, "r", 16384)     = 1
118979 08:03:46 clock_gettime(0x7 /* CLOCK_??? */, {41635, 221649785}) = 0
118979 08:03:46 clock_gettime(0x7 /* CLOCK_??? */, {41635, 221693152}) = 0
118979 08:03:46 select(7, [3 4], [3], NULL, NULL) = 1 (out [3])
118979 08:03:46 clock_gettime(0x7 /* CLOCK_??? */, {41635, 221794830}) = 0
118979 08:03:46 write(3, "\363\242J\266\336_\276\346<\246\373\363E\336\252L\243]\31i\"\24\0001\0355@\313\271\37L\252"..., 40) = 40
118979 08:03:46 clock_gettime(0x7 /* CLOCK_??? */, {41635, 222043789}) = 0
118979 08:03:46 clock_gettime(0x7 /* CLOCK_??? */, {41635, 222088772}) = 0
118979 08:03:46 select(7, [3 4], [], NULL, NULL) = 1 (in [3])
118979 08:03:47 clock_gettime(0x7 /* CLOCK_??? */, {41635, 244722033}) = 0
118979 08:03:47 read(3, "+\335\10\177\303\364\2259\301\237x.T(\317\353\255f5\322H\325n\321\355\0\323\255E\240\274r"..., 8192) = 40
118979 08:03:47 clock_gettime(0x7 /* CLOCK_??? */, {41635, 244859519}) = 0
118979 08:03:47 clock_gettime(0x7 /* CLOCK_??? */, {41635, 244902911}) = 0
118979 08:03:47 select(7, [3 4], [5], NULL, NULL) = 1 (out [5])
118979 08:03:47 clock_gettime(0x7 /* CLOCK_??? */, {41635, 245006129}) = 0
118979 08:03:47 write(5, "r", 1)        = 1
118979 08:03:47 clock_gettime(0x7 /* CLOCK_??? */, {41635, 245112541}) = 0
118979 08:03:47 clock_gettime(0x7 /* CLOCK_??? */, {41635, 245155141}) = 0
118979 08:03:47 select(7, [3 4], [], NULL, NULL) = 1 (in [4])
118979 08:03:47 clock_gettime(0x7 /* CLOCK_??? */, {41635, 595775373}) = 0
118979 08:03:47 read(4, "\r", 16384)    = 1
118979 08:03:47 clock_gettime(0x7 /* CLOCK_??? */, {41635, 595989482}) = 0
118979 08:03:47 clock_gettime(0x7 /* CLOCK_??? */, {41635, 596062018}) = 0
118979 08:03:47 select(7, [3 4], [3], NULL, NULL) = 1 (out [3])
118979 08:03:47 clock_gettime(0x7 /* CLOCK_??? */, {41635, 596340739}) = 0
118979 08:03:47 write(3, "\306`/j\320+:\250\246\322t\36\301\333\367;y0M\376\224\276\366A\345\263\\\232b\233V\341"..., 40) = 40
118979 08:03:47 clock_gettime(0x7 /* CLOCK_??? */, {41635, 596804628}) = 0
118979 08:03:47 clock_gettime(0x7 /* CLOCK_??? */, {41635, 597281072}) = 0
118979 08:03:47 select(7, [3 4], [], NULL, NULL) = 1 (in [3])
118979 08:03:47 clock_gettime(0x7 /* CLOCK_??? */, {41635, 641562836}) = 0
118979 08:03:47 read(3, "\312\364Tx\217\370S\245P\\\352\354\333D\222\31\275\263\4\266\313\226\n\0\331\16\250\352\351\r\273n"..., 8192) = 392
118979 08:03:47 clock_gettime(0x7 /* CLOCK_??? */, {41635, 641793383}) = 0
118979 08:03:47 clock_gettime(0x7 /* CLOCK_??? */, {41635, 641866990}) = 0
118979 08:03:47 select(7, [3 4], [5], NULL, NULL) = 1 (out [5])
118979 08:03:47 clock_gettime(0x7 /* CLOCK_??? */, {41635, 642121182}) = 0
118979 08:03:47 write(5, "\r\nappendonly_cmdb.aof  dump.rdb\t"..., 285) = 285
118979 08:03:47 clock_gettime(0x7 /* CLOCK_??? */, {41635, 642496510}) = 0
118979 08:03:47 clock_gettime(0x7 /* CLOCK_??? */, {41635, 642567512}) = 0
118979 08:03:47 select(7, [3 4], [], NULL, NULL) = 1 (in [4])
118979 08:03:50 clock_gettime(0x7 /* CLOCK_??? */, {41638, 904926831}) = 0
118979 08:03:50 read(4, "p", 16384)     = 1
118979 08:03:50 clock_gettime(0x7 /* CLOCK_??? */, {41638, 905331440}) = 0
118979 08:03:50 clock_gettime(0x7 /* CLOCK_??? */, {41638, 905420239}) = 0
118979 08:03:50 select(7, [3 4], [3], NULL, NULL) = 1 (out [3])
118979 08:03:50 clock_gettime(0x7 /* CLOCK_??? */, {41638, 905624657}) = 0
118979 08:03:50 write(3, "%\222\241\247\322\352^-\20`\210\253\363\327\251e\310\227\177\243\312\266\311\364\373xxj\365\254\303\354"..., 40) = 40
118979 08:03:50 clock_gettime(0x7 /* CLOCK_??? */, {41638, 906235586}) = 0
118979 08:03:50 clock_gettime(0x7 /* CLOCK_??? */, {41638, 906331051}) = 0
118979 08:03:50 select(7, [3 4], [], NULL, NULL) = 1 (in [3])
118979 08:03:50 clock_gettime(0x7 /* CLOCK_??? */, {41638, 937273920}) = 0
118979 08:03:50 read(3, ".+3F\f\360\374\212\20s\371R:\v_\325rzAd\342\307N\274\265H\240!\377\371p\37"..., 8192) = 40
118979 08:03:50 clock_gettime(0x7 /* CLOCK_??? */, {41638, 937484929}) = 0
118979 08:03:50 clock_gettime(0x7 /* CLOCK_??? */, {41638, 937557651}) = 0
118979 08:03:50 select(7, [3 4], [5], NULL, NULL) = 1 (out [5])
118979 08:03:50 clock_gettime(0x7 /* CLOCK_??? */, {41638, 937728708}) = 0
118979 08:03:50 write(5, "p", 1)        = 1
118979 08:03:50 clock_gettime(0x7 /* CLOCK_??? */, {41638, 938025240}) = 0
118979 08:03:50 clock_gettime(0x7 /* CLOCK_??? */, {41638, 938219612}) = 0
118979 08:03:50 select(7, [3 4], [], NULL, NULL) = 1 (in [4])
118979 08:03:50 clock_gettime(0x7 /* CLOCK_??? */, {41639, 48483908}) = 0
118979 08:03:50 read(4, "w", 16384)     = 1
118979 08:03:50 clock_gettime(0x7 /* CLOCK_??? */, {41639, 48561292}) = 0
118979 08:03:50 clock_gettime(0x7 /* CLOCK_??? */, {41639, 48586811}) = 0
118979 08:03:50 select(7, [3 4], [3], NULL, NULL) = 1 (out [3])
118979 08:03:50 clock_gettime(0x7 /* CLOCK_??? */, {41639, 48645982}) = 0
118979 08:03:50 write(3, "A\302L\233:\276\345M\350\353\20\204L\306+\340\3P\240g\317\3$\362\233'sS\336\256\202>"..., 40) = 40
118979 08:03:50 clock_gettime(0x7 /* CLOCK_??? */, {41639, 48805076}) = 0
118979 08:03:50 clock_gettime(0x7 /* CLOCK_??? */, {41639, 48832169}) = 0
118979 08:03:50 select(7, [3 4], [], NULL, NULL) = 1 (in [3])
118979 08:03:50 clock_gettime(0x7 /* CLOCK_??? */, {41639, 102016344}) = 0
118979 08:03:50 read(3, "\37\374\n\16\310\303A\277\227S_\0\325\230\342\36\246F\20\304\303\223\343\331e'\3016\257\30J\353"..., 8192) = 40
118979 08:03:50 clock_gettime(0x7 /* CLOCK_??? */, {41639, 102420670}) = 0
118979 08:03:50 clock_gettime(0x7 /* CLOCK_??? */, {41639, 102507143}) = 0
118979 08:03:50 select(7, [3 4], [5], NULL, NULL) = 1 (out [5])
118979 08:03:50 clock_gettime(0x7 /* CLOCK_??? */, {41639, 102715594}) = 0
118979 08:03:50 write(5, "w", 1)        = 1
118979 08:03:50 clock_gettime(0x7 /* CLOCK_??? */, {41639, 103268087}) = 0
118979 08:03:50 clock_gettime(0x7 /* CLOCK_??? */, {41639, 103359730}) = 0
118979 08:03:50 select(7, [3 4], [], NULL, NULL) = 1 (in [4])
118979 08:03:51 clock_gettime(0x7 /* CLOCK_??? */, {41639, 299308702}) = 0
118979 08:03:51 read(4, "d", 16384)     = 1
118979 08:03:51 clock_gettime(0x7 /* CLOCK_??? */, {41639, 299552118}) = 0
118979 08:03:51 clock_gettime(0x7 /* CLOCK_??? */, {41639, 299624654}) = 0
118979 08:03:51 select(7, [3 4], [3], NULL, NULL) = 1 (out [3])
118979 08:03:51 clock_gettime(0x7 /* CLOCK_??? */, {41639, 299799872}) = 0
118979 08:03:51 write(3, "\266l\1=\220\353c\347{O\10k\314\304\260\276\t2\366\7\247_H\360W\234[\266\311\374$\2"..., 40) = 40
118979 08:03:51 clock_gettime(0x7 /* CLOCK_??? */, {41639, 300314504}) = 0
118979 08:03:51 clock_gettime(0x7 /* CLOCK_??? */, {41639, 300535705}) = 0
118979 08:03:51 select(7, [3 4], [], NULL, NULL) = 1 (in [3])
118979 08:03:51 clock_gettime(0x7 /* CLOCK_??? */, {41639, 325642346}) = 0
118979 08:03:51 read(3, "\2175\364u'\5\17c\333 ;\361W\222\30\337KF\306&\7\17nwy=\f\332\223#\312U"..., 8192) = 40
118979 08:03:51 clock_gettime(0x7 /* CLOCK_??? */, {41639, 325852171}) = 0
118979 08:03:51 clock_gettime(0x7 /* CLOCK_??? */, {41639, 325921741}) = 0
118979 08:03:51 select(7, [3 4], [5], NULL, NULL) = 1 (out [5])
118979 08:03:51 clock_gettime(0x7 /* CLOCK_??? */, {41639, 326203557}) = 0
118979 08:03:51 write(5, "d", 1)        = 1
118979 08:03:51 clock_gettime(0x7 /* CLOCK_??? */, {41639, 326387360}) = 0
118979 08:03:51 clock_gettime(0x7 /* CLOCK_??? */, {41639, 326456711}) = 0
118979 08:03:51 select(7, [3 4], [], NULL, NULL) = 1 (in [4])
118979 08:03:51 clock_gettime(0x7 /* CLOCK_??? */, {41639, 643676561}) = 0
118979 08:03:51 read(4, "\r", 16384)    = 1
118979 08:03:51 clock_gettime(0x7 /* CLOCK_??? */, {41639, 643932725}) = 0
118979 08:03:51 clock_gettime(0x7 /* CLOCK_??? */, {41639, 644019644}) = 0
118979 08:03:51 select(7, [3 4], [3], NULL, NULL) = 1 (out [3])
118979 08:03:51 clock_gettime(0x7 /* CLOCK_??? */, {41639, 644586321}) = 0
118979 08:03:51 write(3, "U\256\225[\342\tq\306\354\234\254Z\372V:\352\\\262\376\200\375\351K\3460W\257\352\365\1\214\267"..., 40) = 40
118979 08:03:51 clock_gettime(0x7 /* CLOCK_??? */, {41639, 645284181}) = 0
118979 08:03:51 clock_gettime(0x7 /* CLOCK_??? */, {41639, 645603365}) = 0
118979 08:03:51 select(7, [3 4], [], NULL, NULL) = 1 (in [3])
118979 08:03:51 clock_gettime(0x7 /* CLOCK_??? */, {41639, 708563567}) = 0
118979 08:03:51 read(3, "\264\220\245\256,\267\227\212\32\22\30,\367\332\361\200\321\245f\302\202\2`\22\21\364\257t\260U}7"..., 8192) = 72
118979 08:03:51 clock_gettime(0x7 /* CLOCK_??? */, {41639, 708693422}) = 0
118979 08:03:51 clock_gettime(0x7 /* CLOCK_??? */, {41639, 708736707}) = 0
118979 08:03:51 select(7, [3 4], [5], NULL, NULL) = 1 (out [5])
118979 08:03:51 clock_gettime(0x7 /* CLOCK_??? */, {41639, 708839844}) = 0
118979 08:03:51 write(5, "\r\n/root\r\n\33]0;root@ecdb:~\7[root@e"..., 40) = 40
118979 08:03:51 clock_gettime(0x7 /* CLOCK_??? */, {41639, 709163945}) = 0
118979 08:03:51 clock_gettime(0x7 /* CLOCK_??? */, {41639, 709209716}) = 0
118979 08:03:51 select(7, [3 4], [], NULL, NULL) = 1 (in [4])
118979 08:03:53 clock_gettime(0x7 /* CLOCK_??? */, {41641, 689354461}) = 0
118979 08:03:53 read(4, "d", 16384)     = 1
118979 08:03:53 clock_gettime(0x7 /* CLOCK_??? */, {41641, 689632716}) = 0
118979 08:03:53 clock_gettime(0x7 /* CLOCK_??? */, {41641, 689719339}) = 0
118979 08:03:53 select(7, [3 4], [3], NULL, NULL) = 1 (out [3])
118979 08:03:53 clock_gettime(0x7 /* CLOCK_??? */, {41641, 690007435}) = 0
118979 08:03:53 write(3, "v\373\232Y7Xm\270\272\v\30\202\336\277S\242V\243\f\7\360 \310\234X4\306\270\267//\353"..., 40) = 40
118979 08:03:53 clock_gettime(0x7 /* CLOCK_??? */, {41641, 690553042}) = 0
118979 08:03:53 clock_gettime(0x7 /* CLOCK_??? */, {41641, 690644143}) = 0
118979 08:03:53 select(7, [3 4], [], NULL, NULL) = 1 (in [3])
118979 08:03:53 clock_gettime(0x7 /* CLOCK_??? */, {41641, 710229233}) = 0
118979 08:03:53 read(3, "\377\f\264\307`|\201\nS\177x\357\377Cb\326,G\266\234z,\267X\333\336K\0078\306\334\260"..., 8192) = 40
118979 08:03:53 clock_gettime(0x7 /* CLOCK_??? */, {41641, 710358904}) = 0
118979 08:03:53 clock_gettime(0x7 /* CLOCK_??? */, {41641, 710401590}) = 0
118979 08:03:53 select(7, [3 4], [5], NULL, NULL) = 1 (out [5])
118979 08:03:53 clock_gettime(0x7 /* CLOCK_??? */, {41641, 710527561}) = 0
118979 08:03:53 write(5, "d", 1)        = 1
118979 08:03:53 clock_gettime(0x7 /* CLOCK_??? */, {41641, 710746332}) = 0
118979 08:03:53 clock_gettime(0x7 /* CLOCK_??? */, {41641, 710789489}) = 0
118979 08:03:53 select(7, [3 4], [], NULL, NULL) = 1 (in [4])
118979 08:03:54 clock_gettime(0x7 /* CLOCK_??? */, {41642, 669745002}) = 0
118979 08:03:54 read(4, "f", 16384)     = 1
118979 08:03:54 clock_gettime(0x7 /* CLOCK_??? */, {41642, 669844174}) = 0
118979 08:03:54 clock_gettime(0x7 /* CLOCK_??? */, {41642, 669887278}) = 0
118979 08:03:54 select(7, [3 4], [3], NULL, NULL) = 1 (out [3])
118979 08:03:54 clock_gettime(0x7 /* CLOCK_??? */, {41642, 670061163}) = 0
118979 08:03:54 write(3, "\302\2153\346L\320'\275\3#\310,\rV\205U\222w[w\345\274\270\0275\3621\21\202r4\274"..., 40) = 40
118979 08:03:54 clock_gettime(0x7 /* CLOCK_??? */, {41642, 670803698}) = 0
118979 08:03:54 clock_gettime(0x7 /* CLOCK_??? */, {41642, 670850144}) = 0
118979 08:03:54 select(7, [3 4], [], NULL, NULL) = 1 (in [3])
118979 08:03:54 clock_gettime(0x7 /* CLOCK_??? */, {41642, 689741873}) = 0
118979 08:03:54 read(3, "\27oR)\220\324\341)\301\347\366\227\365\370\337\227\21GU?\230f\335\265\230d\233\337\220\307\321\337"..., 8192) = 40
118979 08:03:54 clock_gettime(0x7 /* CLOCK_??? */, {41642, 689798553}) = 0
118979 08:03:54 clock_gettime(0x7 /* CLOCK_??? */, {41642, 689816043}) = 0
118979 08:03:54 select(7, [3 4], [5], NULL, NULL) = 1 (out [5])
118979 08:03:54 clock_gettime(0x7 /* CLOCK_??? */, {41642, 689856496}) = 0
118979 08:03:54 write(5, "f", 1)        = 1
118979 08:03:54 clock_gettime(0x7 /* CLOCK_??? */, {41642, 689981629}) = 0
118979 08:03:54 clock_gettime(0x7 /* CLOCK_??? */, {41642, 690000601}) = 0
118979 08:03:54 select(7, [3 4], [], NULL, NULL) = 1 (in [4])
118979 08:03:55 clock_gettime(0x7 /* CLOCK_??? */, {41643, 299673866}) = 0
118979 08:03:55 read(4, "\r", 16384)    = 1
118979 08:03:55 clock_gettime(0x7 /* CLOCK_??? */, {41643, 299754345}) = 0
118979 08:03:55 clock_gettime(0x7 /* CLOCK_??? */, {41643, 299779876}) = 0
118979 08:03:55 select(7, [3 4], [3], NULL, NULL) = 1 (out [3])
118979 08:03:55 clock_gettime(0x7 /* CLOCK_??? */, {41643, 299839529}) = 0
118979 08:03:55 write(3, "\16\260\255\3\320\346\203\225\236\0361=\242zU)\347\254\204d\374\33\306\205\230\367\207\257\"\251\2427"..., 40) = 40
118979 08:03:55 clock_gettime(0x7 /* CLOCK_??? */, {41643, 300052786}) = 0
118979 08:03:55 clock_gettime(0x7 /* CLOCK_??? */, {41643, 300080462}) = 0
118979 08:03:55 select(7, [3 4], [], NULL, NULL) = 1 (in [3])
118979 08:03:55 clock_gettime(0x7 /* CLOCK_??? */, {41643, 311760946}) = 0
118979 08:03:55 read(3, "P\313\303\\?\16yU\315\210\27\344\262y\304\10 \10Z8\fH\25R\300\301\246qX\233@\271"..., 8192) = 40
118979 08:03:55 clock_gettime(0x7 /* CLOCK_??? */, {41643, 311841092}) = 0
118979 08:03:55 clock_gettime(0x7 /* CLOCK_??? */, {41643, 311866611}) = 0
118979 08:03:55 select(7, [3 4], [5], NULL, NULL) = 1 (out [5])
118979 08:03:55 clock_gettime(0x7 /* CLOCK_??? */, {41643, 311957472}) = 0
118979 08:03:55 write(5, "\r\n", 2)     = 2
118979 08:03:55 clock_gettime(0x7 /* CLOCK_??? */, {41643, 312093097}) = 0
118979 08:03:55 clock_gettime(0x7 /* CLOCK_??? */, {41643, 312118414}) = 0
118979 08:03:55 select(7, [3 4], [], NULL, NULL) = 1 (in [3])
118979 08:03:55 clock_gettime(0x7 /* CLOCK_??? */, {41643, 317431853}) = 0
118979 08:03:55 read(3, "\rK\376\370\230b\204\231\347\251]\353Hp\320l\247 L\243\337\347Y\0224\35\305\304\331mU-"..., 8192) = 520
118979 08:03:55 clock_gettime(0x7 /* CLOCK_??? */, {41643, 317522264}) = 0
118979 08:03:55 clock_gettime(0x7 /* CLOCK_??? */, {41643, 317549783}) = 0
118979 08:03:55 select(7, [3 4], [5], NULL, NULL) = 1 (out [5])
118979 08:03:55 clock_gettime(0x7 /* CLOCK_??? */, {41643, 317615101}) = 0
118979 08:03:55 write(5, "Filesystem            1K-blocks "..., 487) = 487
118979 08:03:55 clock_gettime(0x7 /* CLOCK_??? */, {41643, 317766221}) = 0
118979 08:03:55 clock_gettime(0x7 /* CLOCK_??? */, {41643, 317810131}) = 0
118979 08:03:55 select(7, [3 4], [], NULL, NULL) = 1 (in [4])
118979 08:03:56 clock_gettime(0x7 /* CLOCK_??? */, {41644, 856623510}) = 0
118979 08:03:56 read(4, "l", 16384)     = 1
118979 08:03:56 clock_gettime(0x7 /* CLOCK_??? */, {41644, 856839597}) = 0
118979 08:03:56 clock_gettime(0x7 /* CLOCK_??? */, {41644, 856975355}) = 0
118979 08:03:56 select(7, [3 4], [3], NULL, NULL) = 1 (out [3])
118979 08:03:56 clock_gettime(0x7 /* CLOCK_??? */, {41644, 857152492}) = 0
118979 08:03:56 write(3, "(\314{\314\22qd\34\275|pK)]\23\v=u>zn\343\270\266\270\361\255\234X{\235C"..., 40) = 40
118979 08:03:56 clock_gettime(0x7 /* CLOCK_??? */, {41644, 857595724}) = 0
118979 08:03:56 clock_gettime(0x7 /* CLOCK_??? */, {41644, 857673554}) = 0
118979 08:03:56 select(7, [3 4], [], NULL, NULL) = 1 (in [3])
118979 08:03:56 clock_gettime(0x7 /* CLOCK_??? */, {41644, 892396300}) = 0
118979 08:03:56 read(3, "KR9C}_\nSf8\367{;\361\335?\10Mv&~\1\336\2210\243k\24V?+\302"..., 8192) = 40
118979 08:03:56 clock_gettime(0x7 /* CLOCK_??? */, {41644, 892607533}) = 0
118979 08:03:56 clock_gettime(0x7 /* CLOCK_??? */, {41644, 892678678}) = 0
118979 08:03:56 select(7, [3 4], [5], NULL, NULL) = 1 (out [5])
118979 08:03:56 clock_gettime(0x7 /* CLOCK_??? */, {41644, 892846605}) = 0
118979 08:03:56 write(5, "l", 1)        = 1
118979 08:03:56 clock_gettime(0x7 /* CLOCK_??? */, {41644, 893098252}) = 0
118979 08:03:56 clock_gettime(0x7 /* CLOCK_??? */, {41644, 893168199}) = 0
118979 08:03:56 select(7, [3 4], [], NULL, NULL) = 1 (in [4])
118979 08:03:56 clock_gettime(0x7 /* CLOCK_??? */, {41644, 979659710}) = 0
118979 08:03:56 read(4, "l", 16384)     = 1
118979 08:03:56 clock_gettime(0x7 /* CLOCK_??? */, {41644, 979747125}) = 0
118979 08:03:56 clock_gettime(0x7 /* CLOCK_??? */, {41644, 979776639}) = 0
118979 08:03:56 select(7, [3 4], [3], NULL, NULL) = 1 (out [3])
118979 08:03:56 clock_gettime(0x7 /* CLOCK_??? */, {41644, 979902901}) = 0
118979 08:03:56 write(3, "\211\321\207\4}\235\n\16z\344\36\305\327\312\211A\313&\363\206\200\"\10\316\336\r\345~L\247\307'"..., 40) = 40
118979 08:03:56 clock_gettime(0x7 /* CLOCK_??? */, {41644, 980100623}) = 0
118979 08:03:56 clock_gettime(0x7 /* CLOCK_??? */, {41644, 980131367}) = 0
118979 08:03:56 select(7, [3 4], [], NULL, NULL) = 1 (in [3])
118979 08:03:56 clock_gettime(0x7 /* CLOCK_??? */, {41644, 991914446}) = 0
118979 08:03:56 read(3, "\317\355\244\277L\226\213%\243\200\31U$\240Wv\225I\317\374\305g\301y\30\204\325&\366#\274$"..., 8192) = 40
118979 08:03:56 clock_gettime(0x7 /* CLOCK_??? */, {41644, 992027834}) = 0
118979 08:03:56 clock_gettime(0x7 /* CLOCK_??? */, {41644, 992066112}) = 0
118979 08:03:56 select(7, [3 4], [5], NULL, NULL) = 1 (out [5])
118979 08:03:56 clock_gettime(0x7 /* CLOCK_??? */, {41644, 992159770}) = 0
118979 08:03:56 write(5, "l", 1)        = 1
118979 08:03:56 clock_gettime(0x7 /* CLOCK_??? */, {41644, 992233418}) = 0
118979 08:03:56 clock_gettime(0x7 /* CLOCK_??? */, {41644, 992261794}) = 0
118979 08:03:56 select(7, [3 4], [], NULL, NULL) = 1 (in [4])
118979 08:03:57 clock_gettime(0x7 /* CLOCK_??? */, {41645, 368101284}) = 0
118979 08:03:57 read(4, "\r", 16384)    = 1
118979 08:03:57 clock_gettime(0x7 /* CLOCK_??? */, {41645, 368319360}) = 0
118979 08:03:57 clock_gettime(0x7 /* CLOCK_??? */, {41645, 368390660}) = 0
118979 08:03:57 select(7, [3 4], [3], NULL, NULL) = 1 (out [3])
118979 08:03:57 clock_gettime(0x7 /* CLOCK_??? */, {41645, 368561760}) = 0
118979 08:03:57 write(3, "\3470\365\317\226\231|\205{k9\357\363H\365\365mwi$\237\376\36\32\333\333\243X\257\374\0045"..., 40) = 40
118979 08:03:57 clock_gettime(0x7 /* CLOCK_??? */, {41645, 370026147}) = 0
118979 08:03:57 clock_gettime(0x7 /* CLOCK_??? */, {41645, 370109681}) = 0
118979 08:03:57 select(7, [3 4], [], NULL, NULL) = 1 (in [3])
118979 08:03:57 clock_gettime(0x7 /* CLOCK_??? */, {41645, 385058315}) = 0
118979 08:03:57 read(3, "F\307,[^\231\252\231?e\321\246\325\17\226]-qR\243U\310\35\261C\205\345\243\215v\221\224"..., 8192) = 40
118979 08:03:57 clock_gettime(0x7 /* CLOCK_??? */, {41645, 385271559}) = 0
118979 08:03:57 clock_gettime(0x7 /* CLOCK_??? */, {41645, 385382109}) = 0
118979 08:03:57 select(7, [3 4], [5], NULL, NULL) = 1 (out [5])
118979 08:03:57 clock_gettime(0x7 /* CLOCK_??? */, {41645, 385558555}) = 0
118979 08:03:57 write(5, "\r\n", 2)     = 2
118979 08:03:57 clock_gettime(0x7 /* CLOCK_??? */, {41645, 386138610}) = 0
118979 08:03:57 clock_gettime(0x7 /* CLOCK_??? */, {41645, 386217629}) = 0
118979 08:03:57 select(7, [3 4], [], NULL, NULL) = 1 (in [3])
118979 08:03:57 clock_gettime(0x7 /* CLOCK_??? */, {41645, 393623653}) = 0
118979 08:03:57 read(3, "!~q\320w\215\267t\264\264,\272C\355\365*EX\334\237\262c\360\206\7\220\323Z\314\206r\22"..., 8192) = 1552
118979 08:03:57 clock_gettime(0x7 /* CLOCK_??? */, {41645, 393748952}) = 0
118979 08:03:57 clock_gettime(0x7 /* CLOCK_??? */, {41645, 393785745}) = 0
118979 08:03:57 select(7, [3 4], [5], NULL, NULL) = 1 (out [5])
118979 08:03:57 clock_gettime(0x7 /* CLOCK_??? */, {41645, 393950175}) = 0
118979 08:03:57 write(5, "total 58904\r\n-rw-r--r--   1 root"..., 1476) = 1476
118979 08:03:57 clock_gettime(0x7 /* CLOCK_??? */, {41645, 394150264}) = 0
118979 08:03:57 clock_gettime(0x7 /* CLOCK_??? */, {41645, 394186970}) = 0
118979 08:03:57 select(7, [3 4], [], NULL, NULL) = 1 (in [4])
118979 08:03:59 clock_gettime(0x7 /* CLOCK_??? */, {41648, 183482793}) = 0
118979 08:03:59 read(4, "e", 16384)     = 1
118979 08:03:59 clock_gettime(0x7 /* CLOCK_??? */, {41648, 183701759}) = 0
118979 08:03:59 clock_gettime(0x7 /* CLOCK_??? */, {41648, 183967278}) = 0
118979 08:03:59 select(7, [3 4], [3], NULL, NULL) = 1 (out [3])
118979 08:03:59 clock_gettime(0x7 /* CLOCK_??? */, {41648, 184146981}) = 0
118979 08:03:59 write(3, "\273\211\200\344\240\0\343\215\243\6\236(iv\276\215k\226hj+_c\200R\227H\211\310H\376K"..., 40) = 40
118979 08:03:59 clock_gettime(0x7 /* CLOCK_??? */, {41648, 185191815}) = 0
118979 08:03:59 clock_gettime(0x7 /* CLOCK_??? */, {41648, 185275653}) = 0
118979 08:03:59 select(7, [3 4], [], NULL, NULL) = 1 (in [3])
118979 08:03:59 clock_gettime(0x7 /* CLOCK_??? */, {41648, 202884986}) = 0
118979 08:03:59 read(3, "\345s\206\226\t\232\200v_\17R\30\32\6\25\17g\277\4\373\321\3029U\302,\335\324W\262%\373"..., 8192) = 40
118979 08:03:59 clock_gettime(0x7 /* CLOCK_??? */, {41648, 203097845}) = 0
118979 08:03:59 clock_gettime(0x7 /* CLOCK_??? */, {41648, 203169579}) = 0
118979 08:03:59 select(7, [3 4], [5], NULL, NULL) = 1 (out [5])
118979 08:03:59 clock_gettime(0x7 /* CLOCK_??? */, {41648, 203343386}) = 0
118979 08:03:59 write(5, "e", 1)        = 1
118979 08:03:59 clock_gettime(0x7 /* CLOCK_??? */, {41648, 203547762}) = 0
118979 08:03:59 clock_gettime(0x7 /* CLOCK_??? */, {41648, 203617830}) = 0
118979 08:03:59 select(7, [3 4], [], NULL, NULL) = 1 (in [4])
118979 08:04:00 clock_gettime(0x7 /* CLOCK_??? */, {41648, 430120603}) = 0
118979 08:04:00 read(4, "x", 16384)     = 1
118979 08:04:00 clock_gettime(0x7 /* CLOCK_??? */, {41648, 430422371}) = 0
118979 08:04:00 clock_gettime(0x7 /* CLOCK_??? */, {41648, 430494613}) = 0
118979 08:04:00 select(7, [3 4], [3], NULL, NULL) = 1 (out [3])
118979 08:04:00 clock_gettime(0x7 /* CLOCK_??? */, {41648, 430661503}) = 0
118979 08:04:00 write(3, "c\367\"=\210ti\16=\273\314S\f0\211\262\246\371\247\273SIW\16\213$+\364\v\377zm"..., 40) = 40
118979 08:04:00 clock_gettime(0x7 /* CLOCK_??? */, {41648, 431356562}) = 0
118979 08:04:00 clock_gettime(0x7 /* CLOCK_??? */, {41648, 431835639}) = 0
118979 08:04:00 select(7, [3 4], [], NULL, NULL) = 1 (in [3])
118979 08:04:00 clock_gettime(0x7 /* CLOCK_??? */, {41648, 490309073}) = 0
118979 08:04:00 read(3, "\3457\265\212b\314sD\211\346E\302\267\215d+\316\276A['\2536T\332\237c\375\17a\234\235"..., 8192) = 40
118979 08:04:00 clock_gettime(0x7 /* CLOCK_??? */, {41648, 490558487}) = 0
118979 08:04:00 clock_gettime(0x7 /* CLOCK_??? */, {41648, 490646004}) = 0
118979 08:04:00 select(7, [3 4], [5], NULL, NULL) = 1 (out [5])
118979 08:04:00 clock_gettime(0x7 /* CLOCK_??? */, {41648, 491002351}) = 0
118979 08:04:00 write(5, "x", 1)        = 1
118979 08:04:00 clock_gettime(0x7 /* CLOCK_??? */, {41648, 491213229}) = 0
118979 08:04:00 clock_gettime(0x7 /* CLOCK_??? */, {41648, 491340790}) = 0
118979 08:04:00 select(7, [3 4], [], NULL, NULL) = 1 (in [4])
118979 08:04:00 clock_gettime(0x7 /* CLOCK_??? */, {41648, 620051430}) = 0
118979 08:04:00 read(4, "i", 16384)     = 1
118979 08:04:00 clock_gettime(0x7 /* CLOCK_??? */, {41648, 620278600}) = 0
118979 08:04:00 clock_gettime(0x7 /* CLOCK_??? */, {41648, 620340777}) = 0
118979 08:04:00 select(7, [3 4], [3], NULL, NULL) = 1 (out [3])
118979 08:04:00 clock_gettime(0x7 /* CLOCK_??? */, {41648, 620487369}) = 0
118979 08:04:00 write(3, "f\263\32\333n\303\352\\\21Dz\360\3562h\265Z\315l5\366n\344X\332r\0305\332\325\265\247"..., 40) = 40
118979 08:04:00 clock_gettime(0x7 /* CLOCK_??? */, {41648, 621272869}) = 0
118979 08:04:00 clock_gettime(0x7 /* CLOCK_??? */, {41648, 621466653}) = 0
118979 08:04:00 select(7, [3 4], [], NULL, NULL) = 1 (in [3])
118979 08:04:00 clock_gettime(0x7 /* CLOCK_??? */, {41648, 641282258}) = 0
118979 08:04:00 read(3, "\0020Bf/i\310&C\246/\334\327\366x\357\361 7\311x\342\205\251\255{\317\343\32o\215{"..., 8192) = 40
118979 08:04:00 clock_gettime(0x7 /* CLOCK_??? */, {41648, 641462536}) = 0
118979 08:04:00 clock_gettime(0x7 /* CLOCK_??? */, {41648, 641524240}) = 0
118979 08:04:00 select(7, [3 4], [5], NULL, NULL) = 1 (out [5])
118979 08:04:00 clock_gettime(0x7 /* CLOCK_??? */, {41648, 641667871}) = 0
118979 08:04:00 write(5, "i", 1)        = 1
118979 08:04:00 clock_gettime(0x7 /* CLOCK_??? */, {41648, 642034230}) = 0
118979 08:04:00 clock_gettime(0x7 /* CLOCK_??? */, {41648, 642098315}) = 0
118979 08:04:00 select(7, [3 4], [], NULL, NULL) = 1 (in [4])
118979 08:04:00 clock_gettime(0x7 /* CLOCK_??? */, {41648, 839986715}) = 0
118979 08:04:00 read(4, "t", 16384)     = 1
118979 08:04:00 clock_gettime(0x7 /* CLOCK_??? */, {41648, 840197538}) = 0
118979 08:04:00 clock_gettime(0x7 /* CLOCK_??? */, {41648, 840270485}) = 0
118979 08:04:00 select(7, [3 4], [3], NULL, NULL) = 1 (out [3])
118979 08:04:00 clock_gettime(0x7 /* CLOCK_??? */, {41648, 840440319}) = 0
118979 08:04:00 write(3, "\245\252\266?e\243\3008\325\203\n\375z\350\247\317\35*\vIF\360\323\367\324;K\261\247\345d\275"..., 40) = 40
118979 08:04:00 clock_gettime(0x7 /* CLOCK_??? */, {41648, 840929259}) = 0
118979 08:04:00 clock_gettime(0x7 /* CLOCK_??? */, {41648, 841006537}) = 0
118979 08:04:00 select(7, [3 4], [], NULL, NULL) = 1 (in [3])
118979 08:04:00 clock_gettime(0x7 /* CLOCK_??? */, {41648, 854435941}) = 0
118979 08:04:00 read(3, "U\375\"/:\262%\232\26p\360\26\3442\3154H\246\337\2615#\303\240\21\253\251\361\233<;\27"..., 8192) = 40
118979 08:04:00 clock_gettime(0x7 /* CLOCK_??? */, {41648, 854970738}) = 0
118979 08:04:00 clock_gettime(0x7 /* CLOCK_??? */, {41648, 855048815}) = 0
118979 08:04:00 select(7, [3 4], [5], NULL, NULL) = 1 (out [5])
118979 08:04:00 clock_gettime(0x7 /* CLOCK_??? */, {41648, 855227714}) = 0
118979 08:04:00 write(5, "t", 1)        = 1
118979 08:04:00 clock_gettime(0x7 /* CLOCK_??? */, {41648, 855401993}) = 0
118979 08:04:00 clock_gettime(0x7 /* CLOCK_??? */, {41648, 855471632}) = 0
118979 08:04:00 select(7, [3 4], [], NULL, NULL) = 1 (in [4])
118979 08:04:01 clock_gettime(0x7 /* CLOCK_??? */, {41650, 61355737}) = 0
118979 08:04:01 read(4, "\r", 16384)    = 1
118979 08:04:01 clock_gettime(0x7 /* CLOCK_??? */, {41650, 61572201}) = 0
118979 08:04:01 clock_gettime(0x7 /* CLOCK_??? */, {41650, 61645345}) = 0
118979 08:04:01 select(7, [3 4], [3], NULL, NULL) = 1 (out [3])
118979 08:04:01 clock_gettime(0x7 /* CLOCK_??? */, {41650, 61983319}) = 0
118979 08:04:01 write(3, "\337\312\333\305\364'\343\10\230\313\321M\275\321\273\314\216db\360\245-\375:\267<\27\362\251\365\337V"..., 40) = 40
118979 08:04:01 clock_gettime(0x7 /* CLOCK_??? */, {41650, 62514278}) = 0
118979 08:04:01 clock_gettime(0x7 /* CLOCK_??? */, {41650, 62631528}) = 0
118979 08:04:01 select(7, [3 4], [], NULL, NULL) = 1 (in [3])
118979 08:04:01 clock_gettime(0x7 /* CLOCK_??? */, {41650, 83146632}) = 0
118979 08:04:01 read(3, "vB\340Q<]//Q\356\247\353u\322\277\217\24\317\37U'{\366\370/\275\224\362d\267\204\334"..., 8192) = 152
118979 08:04:01 close(4)                = 0
118979 08:04:01 clock_gettime(0x7 /* CLOCK_??? */, {41650, 83331044}) = 0
118979 08:04:01 clock_gettime(0x7 /* CLOCK_??? */, {41650, 83367776}) = 0
118979 08:04:01 select(7, [3], [5], NULL, NULL) = 1 (out [5])
118979 08:04:01 clock_gettime(0x7 /* CLOCK_??? */, {41650, 83450587}) = 0
118979 08:04:01 write(5, "\r\nlogout\r\n", 10) = 10
118979 08:04:01 clock_gettime(0x7 /* CLOCK_??? */, {41650, 83629415}) = 0
118979 08:04:01 clock_gettime(0x7 /* CLOCK_??? */, {41650, 83663065}) = 0
118979 08:04:01 select(7, [3], [], NULL, NULL) = 1 (in [3])
118979 08:04:01 clock_gettime(0x7 /* CLOCK_??? */, {41650, 84431646}) = 0
118979 08:04:01 read(3, "^\300R/\22\360!\32~\3\377[\226\356\362}R\21y\226\232\3\22\3306\td-\1\353\201;"..., 8192) = 48
118979 08:04:01 close(5)                = 0
118979 08:04:01 clock_gettime(0x7 /* CLOCK_??? */, {41650, 84560245}) = 0
118979 08:04:01 clock_gettime(0x7 /* CLOCK_??? */, {41650, 84593030}) = 0
118979 08:04:01 ioctl(0, SNDCTL_TMR_STOP or SNDRV_TIMER_IOCTL_GINFO or TCSETSW, {B38400 opost isig icanon echo ...}) = 0
118979 08:04:01 close(6)                = 0
118979 08:04:01 select(7, [3], [3], NULL, NULL) = 1 (out [3])
118979 08:04:01 clock_gettime(0x7 /* CLOCK_??? */, {41650, 85233650}) = 0
118979 08:04:01 write(3, "\241\203\355\310\272\200A\6\311\4\346\255\201\3144\253D\n\331h\302+\241!", 24) = 24
118979 08:04:01 rt_sigaction(SIGWINCH, NULL, {0x7f0c17e68c50, [], SA_RESTORER, 0x7f0c169d8250}, 8) = 0
118979 08:04:01 rt_sigaction(SIGWINCH, {SIG_DFL, [], SA_RESTORER, 0x7f0c169d8250}, NULL, 8) = 0
118979 08:04:01 write(3, "\274\212\363z\332^y\273,\372\311\213\7\331\377-J\374%\301\2\7\213\216\rJ\212\34\207T\334\300"..., 56) = 56
118979 08:04:01 ioctl(0, SNDCTL_TMR_TIMEBASE or SNDRV_TIMER_IOCTL_NEXT_DEVICE or TCGETS, {B38400 opost isig icanon echo ...}) = 0
118979 08:04:01 ioctl(1, SNDCTL_TMR_TIMEBASE or SNDRV_TIMER_IOCTL_NEXT_DEVICE or TCGETS, {B38400 opost isig icanon echo ...}) = 0
118979 08:04:01 ioctl(2, SNDCTL_TMR_TIMEBASE or SNDRV_TIMER_IOCTL_NEXT_DEVICE or TCGETS, {B38400 opost isig icanon echo ...}) = 0
118979 08:04:01 write(2, "Connection to 172.16.22.1 closed"..., 35) = 35
118979 08:04:01 shutdown(3, SHUT_RDWR)  = 0
118979 08:04:01 close(3)                = 0
118979 08:04:01 exit_group(0)           = ?
118979 08:04:01 +++ exited with 0 +++
